<?xml version="1.0" encoding="UTF-8" ?>
<testsuite errors="0" failures="0" hostname="sfauvel-XPS-15-9560" name="net.sf.freecol.AllTests" skipped="0" tests="428" time="7.086" timestamp="2022-04-22T15:50:52">
  <properties>
    <property name="env.DESKTOP_SESSION" value="ubuntu" />
    <property name="env.OLDPWD" value="/home/sfauvel" />
    <property name="java.home" value="/home/sfauvel/Documents/appli/jdk-11.0.1" />
    <property name="env.QT_LINUX_ACCESSIBILITY_ALWAYS_ON" value="1" />
    <property name="env.GDM_LANG" value="en_US" />
    <property name="env.DISPLAY" value=":0" />
    <property name="env.LS_COLORS" value="rs=0:di=01;34:ln=01;36:mh=00:pi=40;33:so=01;35:do=01;35:bd=40;33;01:cd=40;33;01:or=40;31;01:mi=00:su=37;41:sg=30;43:ca=30;41:tw=30;42:ow=34;42:st=37;44:ex=01;32:*.tar=01;31:*.tgz=01;31:*.arc=01;31:*.arj=01;31:*.taz=01;31:*.lha=01;31:*.lz4=01;31:*.lzh=01;31:*.lzma=01;31:*.tlz=01;31:*.txz=01;31:*.tzo=01;31:*.t7z=01;31:*.zip=01;31:*.z=01;31:*.Z=01;31:*.dz=01;31:*.gz=01;31:*.lrz=01;31:*.lz=01;31:*.lzo=01;31:*.xz=01;31:*.bz2=01;31:*.bz=01;31:*.tbz=01;31:*.tbz2=01;31:*.tz=01;31:*.deb=01;31:*.rpm=01;31:*.jar=01;31:*.war=01;31:*.ear=01;31:*.sar=01;31:*.rar=01;31:*.alz=01;31:*.ace=01;31:*.zoo=01;31:*.cpio=01;31:*.7z=01;31:*.rz=01;31:*.cab=01;31:*.jpg=01;35:*.jpeg=01;35:*.gif=01;35:*.bmp=01;35:*.pbm=01;35:*.pgm=01;35:*.ppm=01;35:*.tga=01;35:*.xbm=01;35:*.xpm=01;35:*.tif=01;35:*.tiff=01;35:*.png=01;35:*.svg=01;35:*.svgz=01;35:*.mng=01;35:*.pcx=01;35:*.mov=01;35:*.mpg=01;35:*.mpeg=01;35:*.m2v=01;35:*.mkv=01;35:*.webm=01;35:*.ogm=01;35:*.mp4=01;35:*.m4v=01;35:*.mp4v=01;35:*.vob=01;35:*.qt=01;35:*.nuv=01;35:*.wmv=01;35:*.asf=01;35:*.rm=01;35:*.rmvb=01;35:*.flc=01;35:*.avi=01;35:*.fli=01;35:*.flv=01;35:*.gl=01;35:*.dl=01;35:*.xcf=01;35:*.xwd=01;35:*.yuv=01;35:*.cgm=01;35:*.emf=01;35:*.ogv=01;35:*.ogx=01;35:*.aac=00;36:*.au=00;36:*.flac=00;36:*.m4a=00;36:*.mid=00;36:*.midi=00;36:*.mka=00;36:*.mp3=00;36:*.mpc=00;36:*.ogg=00;36:*.ra=00;36:*.wav=00;36:*.oga=00;36:*.opus=00;36:*.spx=00;36:*.xspf=00;36:" />
    <property name="env.XDG_VTNR" value="7" />
    <property name="java.awt.headless" value="true" />
    <property name="env.XDG_GREETER_DATA_DIR" value="/var/lib/lightdm-data/sfauvel" />
    <property name="env.LOGNAME" value="sfauvel" />
    <property name="env.XDG_SEAT" value="seat0" />
    <property name="freecol.packaging.dir" value="/home/sfauvel/Documents/projects/games/freecol/freecol/packaging" />
    <property name="env.LC_PAPER" value="fr_FR.UTF-8" />
    <property name="env.SESSION_MANAGER" value="local/sfauvel-XPS-15-9560:@/tmp/.ICE-unix/2699,unix/sfauvel-XPS-15-9560:/tmp/.ICE-unix/2699" />
    <property name="sun.os.patch.level" value="unknown" />
    <property name="test" value="AllTests" />
    <property name="env.UNITY_HAS_3D_SUPPORT" value="true" />
    <property name="java.vendor.url" value="http://java.oracle.com/" />
    <property name="env.XDG_SEAT_PATH" value="/org/freedesktop/DisplayManager/Seat0" />
    <property name="env.MANDATORY_PATH" value="/usr/share/gconf/ubuntu.mandatory.path" />
    <property name="java.version" value="11.0.1" />
    <property name="java.vendor.url.bug" value="http://bugreport.java.com/bugreport/" />
    <property name="env.LANGUAGE" value="en_US" />
    <property name="java.version.date" value="2018-10-16" />
    <property name="env.XDG_MENU_PREFIX" value="gnome-" />
    <property name="ant.project.invoked-targets" value="testall" />
    <property name="env.XDG_DATA_DIRS" value="/usr/share/ubuntu:/usr/share/gnome:/usr/local/share:/usr/share:/var/lib/snapd/desktop:/var/lib/snapd/desktop" />
    <property name="jdk.debug" value="release" />
    <property name="env.GNOME_KEYRING_CONTROL" value="" />
    <property name="env.PS1" value="\[\e[1;33m\]\u:\W&gt;\[\e[m\] " />
    <property name="isNotMacOrWindows" value="true" />
    <property name="env.UPSTART_SESSION" value="unix:abstract=/com/ubuntu/upstart-session/1000/2472" />
    <property name="user.name" value="sfauvel" />
    <property name="env.LANG" value="en_US.UTF-8" />
    <property name="env.LC_MONETARY" value="fr_FR.UTF-8" />
    <property name="sun.io.unicode.encoding" value="UnicodeLittle" />
    <property name="env.DBUS_SESSION_BUS_ADDRESS" value="unix:abstract=/tmp/dbus-kbKYPegxAE" />
    <property name="sun.jnu.encoding" value="UTF-8" />
    <property name="java.runtime.name" value="Java(TM) SE Runtime Environment" />
    <property name="env.LC_NAME" value="fr_FR.UTF-8" />
    <property name="java.specification.name" value="Java Platform API Specification" />
    <property name="user.timezone" value="" />
    <property name="env.LESSOPEN" value="| /usr/bin/lesspipe %s" />
    <property name="env.GIO_LAUNCHED_DESKTOP_FILE" value="/home/sfauvel/Desktop/IntelliJ.desktop" />
    <property name="path.separator" value=":" />
    <property name="env.XMODIFIERS" value="@im=ibus" />
    <property name="file.encoding" value="UTF-8" />
    <property name="ant.project.default-target" value="package" />
    <property name="env.HOME" value="/home/sfauvel" />
    <property name="sun.java.command" value="org.apache.tools.ant.taskdefs.optional.junit.JUnitTestRunner net.sf.freecol.AllTests skipNonTests=false filtertrace=true haltOnError=false haltOnFailure=false formatter=org.apache.tools.ant.taskdefs.optional.junit.SummaryJUnitResultFormatter showoutput=false outputtoformatters=true logfailedtests=true threadid=0 logtestlistenerevents=false formatter=org.apache.tools.ant.taskdefs.optional.junit.XMLJUnitResultFormatter,/home/sfauvel/Documents/projects/games/freecol/freecol/build/report/xml/TEST-net.sf.freecol.AllTests.xml crashfile=/home/sfauvel/Documents/projects/games/freecol/freecol/junitvmwatcher13921254915046762145.properties propsfile=/home/sfauvel/Documents/projects/games/freecol/freecol/junit10855710176579462239.properties" />
    <property name="env.TERM_SESSION_ID" value="3efe57c4-ce70-4f4a-8a42-2c14dd6b0b98" />
    <property name="env.MANPATH" value="/opt/OpenPrinting-Gutenprint/man:/opt/OpenPrinting-Gutenprint/man:/usr/local/man:/usr/local/share/man:/usr/share/man" />
    <property name="ant.file" value="/home/sfauvel/Documents/projects/games/freecol/freecol/build.xml" />
    <property name="env.LC_TELEPHONE" value="fr_FR.UTF-8" />
    <property name="env._" value="/usr/bin/ant" />
    <property name="isOsUnixLike" value="true" />
    <property name="ant.file.FreeCol" value="/home/sfauvel/Documents/projects/games/freecol/freecol/build.xml" />
    <property name="env.GTK2_MODULES" value="overlay-scrollbar" />
    <property name="java.io.tmpdir" value="/tmp" />
    <property name="freecol.overview.file" value="/home/sfauvel/Documents/projects/games/freecol/freecol/src/overview.html" />
    <property name="TODAY" value="April 22 2022" />
    <property name="env.LC_IDENTIFICATION" value="fr_FR.UTF-8" />
    <property name="env.GNOME_KEYRING_PID" value="" />
    <property name="user.language" value="en" />
    <property name="env.UPSTART_EVENTS" value="xsession started" />
    <property name="line.separator" value="&#xa;" />
    <property name="ant.file.type" value="file" />
    <property name="ant.file.type.FreeCol" value="file" />
    <property name="java.target.version" value="1.9" />
    <property name="env.CLUTTER_IM_MODULE" value="xim" />
    <property name="java.vm.info" value="mixed mode" />
    <property name="sun.desktop" value="gnome" />
    <property name="java.vm.specification.name" value="Java Virtual Machine Specification" />
    <property name="freecol.release.dir" value="/home/sfauvel/Documents/projects/games/freecol/freecol/dist" />
    <property name="env.LC_MEASUREMENT" value="fr_FR.UTF-8" />
    <property name="env.IM_CONFIG_PHASE" value="1" />
    <property name="freecol.data.dir" value="/home/sfauvel/Documents/projects/games/freecol/freecol/data" />
    <property name="env.LC_TIME" value="fr_FR.UTF-8" />
    <property name="env.GDMSESSION" value="ubuntu" />
    <property name="env.QT_ACCESSIBILITY" value="1" />
    <property name="env.XDG_SESSION_DESKTOP" value="ubuntu" />
    <property name="java.awt.printerjob" value="sun.print.PSPrinterJob" />
    <property name="env.DEFAULTS_PATH" value="/usr/share/gconf/ubuntu.default.path" />
    <property name="freecol.jar.file" value="/home/sfauvel/Documents/projects/games/freecol/freecol/FreeCol.jar" />
    <property name="ant.version" value="Apache Ant(TM) version 1.9.6 compiled on July 20 2018" />
    <property name="env.XDG_SESSION_TYPE" value="x11" />
    <property name="freecol.metaserver.jar.file" value="/home/sfauvel/Documents/projects/games/freecol/freecol/FreeCol-metaserver.jar" />
    <property name="env.DESKTOP_STARTUP_ID" value="IDEA-restart_TIME34523956" />
    <property name="env.COMPIZ_CONFIG_PROFILE" value="ubuntu" />
    <property name="env.XDG_SESSION_PATH" value="/org/freedesktop/DisplayManager/Session0" />
    <property name="env.JOB" value="unity-settings-daemon" />
    <property name="miglayout-swing.jar" value="jars/miglayout-swing-5.0.jar" />
    <property name="os.name" value="Linux" />
    <property name="java.specification.vendor" value="Oracle Corporation" />
    <property name="env.TERMINAL_EMULATOR" value="JetBrains-JediTerm" />
    <property name="env.TERM" value="xterm-256color" />
    <property name="java.vm.name" value="Java HotSpot(TM) 64-Bit Server VM" />
    <property name="freecol.doc.dir" value="/home/sfauvel/Documents/projects/games/freecol/freecol/doc" />
    <property name="env.QT_IM_MODULE" value="ibus" />
    <property name="java.library.path" value="/usr/java/packages/lib:/usr/lib64:/lib64:/lib:/usr/lib" />
    <property name="env.PATH" value="/home/sfauvel/Documents/appli/jdk-11.0.1/bin:/home/sfauvel/bin:/home/sfauvel/.local/bin:/opt/OpenPrinting-Gutenprint/sbin:/opt/OpenPrinting-Gutenprint/bin:/opt/maven/bin:/usr/local/sbin:/usr/local/bin:/usr/sbin:/usr/bin:/sbin:/bin:/usr/games:/usr/local/games:/snap/bin" />
    <property name="env.LESSCLOSE" value="/usr/bin/lesspipe %s %s" />
    <property name="ant.java.version" value="1.9" />
    <property name="java.class.version" value="55.0" />
    <property name="basedir" value="/home/sfauvel/Documents/projects/games/freecol/freecol" />
    <property name="env.SHLVL" value="1" />
    <property name="ant.home" value="/usr/share/ant" />
    <property name="freecol.build.dir" value="/home/sfauvel/Documents/projects/games/freecol/freecol/build" />
    <property name="env.UPSTART_JOB" value="unity7" />
    <property name="sun.boot.library.path" value="/home/sfauvel/Documents/appli/jdk-11.0.1/lib" />
    <property name="sun.management.compiler" value="HotSpot 64-Bit Tiered Compilers" />
    <property name="java.awt.graphicsenv" value="sun.awt.X11GraphicsEnvironment" />
    <property name="env.M3_HOME" value="/opt/maven" />
    <property name="env.USER" value="sfauvel" />
    <property name="env.GTK_IM_MODULE" value="ibus" />
    <property name="env.GTK_MODULES" value="gail:atk-bridge:unity-gtk-module" />
    <property name="env.UNITY_DEFAULT_PROFILE" value="unity" />
    <property name="ant.project.name" value="FreeCol" />
    <property name="env.SESSIONTYPE" value="gnome-session" />
    <property name="java.vm.specification.version" value="11" />
    <property name="freecol.name" value="freecol" />
    <property name="awt.toolkit" value="sun.awt.X11.XToolkit" />
    <property name="env.MAVEN_HOME" value="/opt/maven" />
    <property name="sun.cpu.isalist" value="" />
    <property name="java.vm.compressedOopsMode" value="32-bit" />
    <property name="env.COMPIZ_BIN_PATH" value="/usr/bin/" />
    <property name="os.version" value="4.15.0-142-generic" />
    <property name="env.QT_QPA_PLATFORMTHEME" value="appmenu-qt5" />
    <property name="env.XDG_CURRENT_DESKTOP" value="Unity" />
    <property name="user.home" value="/home/sfauvel" />
    <property name="java.vm.vendor" value="Oracle Corporation" />
    <property name="miglayout-core.jar" value="jars/miglayout-core-5.0.jar" />
    <property name="freecol.rules.dir" value="/home/sfauvel/Documents/projects/games/freecol/freecol/data/rules" />
    <property name="env.SESSION" value="ubuntu" />
    <property name="env.JAVA_HOME" value="/home/sfauvel/Documents/appli/jdk-11.0.1" />
    <property name="env.XDG_SESSION_ID" value="c2" />
    <property name="env.XAUTHORITY" value="/home/sfauvel/.Xauthority" />
    <property name="user.dir" value="/home/sfauvel/Documents/projects/games/freecol/freecol" />
    <property name="env.PWD" value="/home/sfauvel/Documents/projects/games/freecol/freecol" />
    <property name="sun.cpu.endian" value="little" />
    <property name="cli.jar" value="jars/commons-cli-1.4.jar" />
    <property name="java.vm.version" value="11.0.1+13-LTS" />
    <property name="java.class.path" value="/home/sfauvel/Documents/projects/games/freecol/freecol/build:/home/sfauvel/Documents/projects/games/freecol/freecol/test/lib/junit.jar:/home/sfauvel/Documents/projects/games/freecol/freecol/jars/miglayout-swing-5.0.jar:/home/sfauvel/Documents/projects/games/freecol/freecol/jars/miglayout-core-5.0.jar:/home/sfauvel/Documents/projects/games/freecol/freecol/jars/commons-cli-1.4.jar:/home/sfauvel/Documents/projects/games/freecol/freecol/jars/cortado-0.6.0.jar:/home/sfauvel/Documents/projects/games/freecol/freecol/jars/jogg-0.0.17.jar:/home/sfauvel/Documents/projects/games/freecol/freecol/jars/jorbis-0.0.17.jar:/home/sfauvel/Documents/projects/games/freecol/freecol/jars/findbugs-annotations.jar:/usr/share/ant/lib/junit.jar:/usr/share/java/ant-launcher-1.9.6.jar:/usr/share/ant/lib/ant.jar:/usr/share/ant/lib/ant-junit.jar:/usr/share/ant/lib/ant-junit4.jar" />
    <property name="DSTAMP" value="20220422" />
    <property name="env.LC_ADDRESS" value="fr_FR.UTF-8" />
    <property name="ant.library.dir" value="/usr/share/ant/lib" />
    <property name="os.arch" value="amd64" />
    <property name="env.LC_NUMERIC" value="fr_FR.UTF-8" />
    <property name="cortado.jar" value="jars/cortado-0.6.0.jar" />
    <property name="env.GIO_LAUNCHED_DESKTOP_FILE_PID" value="4279" />
    <property name="sun.java.launcher" value="SUN_STANDARD" />
    <property name="ant.core.lib" value="/usr/share/ant/lib/ant.jar" />
    <property name="env.UPSTART_INSTANCE" value="" />
    <property name="java.vm.specification.vendor" value="Oracle Corporation" />
    <property name="TSTAMP" value="1750" />
    <property name="file.separator" value="/" />
    <property name="java.runtime.version" value="11.0.1+13-LTS" />
    <property name="env.SSH_AUTH_SOCK" value="/run/user/1000/keyring/ssh" />
    <property name="env.QT4_IM_MODULE" value="xim" />
    <property name="env.XDG_CONFIG_DIRS" value="/etc/xdg/xdg-ubuntu:/usr/share/upstart/xdg:/etc/xdg" />
    <property name="env.XDG_RUNTIME_DIR" value="/run/user/1000" />
    <property name="user.country" value="US" />
    <property name="env.SHELL" value="/bin/bash" />
    <property name="env.INSTANCE" value="" />
    <property name="freecol.javadoc.dir" value="/home/sfauvel/Documents/projects/games/freecol/freecol/doc/javadoc" />
    <property name="java.vendor.version" value="18.9" />
    <property name="freecol.main.class" value="net.sf.freecol.FreeCol" />
    <property name="java.vendor" value="Oracle Corporation" />
    <property name="env.GPG_AGENT_INFO" value="/home/sfauvel/.gnupg/S.gpg-agent:0:1" />
    <property name="freecol.src.dir" value="/home/sfauvel/Documents/projects/games/freecol/freecol/src" />
    <property name="java.specification.version" value="11" />
    <property name="env.GNOME_DESKTOP_SESSION_ID" value="this-is-deprecated" />
    <property name="sun.arch.data.model" value="64" />
  </properties>
  <testcase classname="net.sf.freecol.common.i18n.CLDRTest" name="testRuleParsing" time="0.057" />
  <testcase classname="net.sf.freecol.common.i18n.CLDRTest" name="testPlurals" time="0.002" />
  <testcase classname="net.sf.freecol.common.i18n.MessagesTest" name="testReplaceArbitraryTag" time="0.018" />
  <testcase classname="net.sf.freecol.common.i18n.MessagesTest" name="testReplaceNumber" time="0.015" />
  <testcase classname="net.sf.freecol.common.i18n.MessagesTest" name="testReplaceChoicesGrammar" time="0.015" />
  <testcase classname="net.sf.freecol.common.i18n.MessagesTest" name="testMessageWithSpecialChars" time="0.014" />
  <testcase classname="net.sf.freecol.common.i18n.MessagesTest" name="testReplaceGarbage" time="0.015" />
  <testcase classname="net.sf.freecol.common.i18n.MessagesTest" name="testAbstractUnitDescription" time="0.014" />
  <testcase classname="net.sf.freecol.common.i18n.MessagesTest" name="testChangeLocaleSettings" time="0.041" />
  <testcase classname="net.sf.freecol.common.i18n.MessagesTest" name="testMessageString" time="0.012" />
  <testcase classname="net.sf.freecol.common.i18n.MessagesTest" name="testNestedChoices" time="0.011" />
  <testcase classname="net.sf.freecol.common.i18n.MessagesTest" name="testStringTemplates" time="0.102" />
  <testcase classname="net.sf.freecol.common.i18n.MessagesTest" name="testReplaceChoicesPlural" time="0.011" />
  <testcase classname="net.sf.freecol.common.i18n.MessagesTest" name="testUnitDescription" time="0.022" />
  <testcase classname="net.sf.freecol.common.i18n.MessagesTest" name="testREFMessages" time="0.008" />
  <testcase classname="net.sf.freecol.common.io.ModTest" name="testGetRuleSets" time="0.001" />
  <testcase classname="net.sf.freecol.common.io.ModTest" name="testAllMods" time="0.006" />
  <testcase classname="net.sf.freecol.common.option.OptionTest" name="testGameOptions" time="0.0" />
  <testcase classname="net.sf.freecol.common.option.OptionTest" name="testUnitListOption" time="0.0" />
  <testcase classname="net.sf.freecol.common.option.OptionTest" name="testInheritsEditable" time="0.002" />
  <testcase classname="net.sf.freecol.common.option.OptionTest" name="testCloneIntegerOption" time="0.0" />
  <testcase classname="net.sf.freecol.common.model.SpecificationTest" name="testExtendsDelete" time="0.033" />
  <testcase classname="net.sf.freecol.common.model.SpecificationTest" name="testLoadMods" time="0.031" />
  <testcase classname="net.sf.freecol.common.model.SpecificationTest" name="testExtends" time="0.039" />
  <testcase classname="net.sf.freecol.common.model.SpecificationTest" name="testModifiers" time="0.0" />
  <testcase classname="net.sf.freecol.common.model.SpecificationTest" name="testLoad" time="0.015" />
  <testcase classname="net.sf.freecol.common.model.SpecificationTest" name="testNationTypes" time="0.0" />
  <testcase classname="net.sf.freecol.common.model.SpecificationTest" name="testGetDefaultUnitType" time="0.001" />
  <testcase classname="net.sf.freecol.common.model.SpecificationTest" name="testGoodsTypes" time="0.0" />
  <testcase classname="net.sf.freecol.common.model.SpecificationTest" name="testFoundingFathers" time="0.0" />
  <testcase classname="net.sf.freecol.common.model.SpecificationTest" name="testRequiredAbilitiesForRoles" time="0.005" />
  <testcase classname="net.sf.freecol.common.model.SpecificationTest" name="testNations" time="0.0" />
  <testcase classname="net.sf.freecol.common.model.SpecificationTest" name="testUnitAbilities" time="0.0" />
  <testcase classname="net.sf.freecol.common.model.BaseCostDeciderTest" name="testNavalUnitMoveToTileWithSettlement" time="0.019" />
  <testcase classname="net.sf.freecol.common.model.BaseCostDeciderTest" name="testInvalidMoveThroughTileWithSettlement" time="0.005" />
  <testcase classname="net.sf.freecol.common.model.BaseCostDeciderTest" name="testGetRemainingMovesAndNewTurn" time="0.002" />
  <testcase classname="net.sf.freecol.common.model.BaseCostDeciderTest" name="testGetCostLandLand" time="0.002" />
  <testcase classname="net.sf.freecol.common.model.BaseCostDeciderTest" name="testInvalidMoveOfLandUnitToAnOceanTile" time="0.003" />
  <testcase classname="net.sf.freecol.common.model.BaseCostDeciderTest" name="testInvalidMoveOfNavalUnitToALandTile" time="0.004" />
  <testcase classname="net.sf.freecol.common.model.BuildingTest" name="testStockade" time="0.022" />
  <testcase classname="net.sf.freecol.common.model.BuildingTest" name="testCottonClothProduction" time="0.017" />
  <testcase classname="net.sf.freecol.common.model.BuildingTest" name="testLumberProduction" time="0.157" />
  <testcase classname="net.sf.freecol.common.model.BuildingTest" name="testPasture" time="0.016" />
  <testcase classname="net.sf.freecol.common.model.BuildingTest" name="testCanBuildNext" time="0.004" />
  <testcase classname="net.sf.freecol.common.model.BuildingTest" name="testFortRequiresMinimumPopulation" time="0.005" />
  <testcase classname="net.sf.freecol.common.model.BuildingTest" name="testUnitProduction" time="0.016" />
  <testcase classname="net.sf.freecol.common.model.BuildingTest" name="testCrossProduction" time="0.069" />
  <testcase classname="net.sf.freecol.common.model.BuildingTest" name="testPrintingPressBonus" time="0.009" />
  <testcase classname="net.sf.freecol.common.model.BuildingTest" name="testCanAddToBuilding" time="0.017" />
  <testcase classname="net.sf.freecol.common.model.BuildingTest" name="testToolsMusketProduction" time="0.014" />
  <testcase classname="net.sf.freecol.common.model.BuildingTest" name="testFortressRequiresMinimumPopulation" time="0.005" />
  <testcase classname="net.sf.freecol.common.model.BuildingTest" name="testSerialize" time="0.015" />
  <testcase classname="net.sf.freecol.common.model.BuildingTest" name="testTownhallProduction" time="0.008" />
  <testcase classname="net.sf.freecol.common.model.BuildingTest" name="testFactoryProduction" time="0.288" />
  <testcase classname="net.sf.freecol.common.model.BuildingTest" name="testChurch" time="0.016" />
  <testcase classname="net.sf.freecol.common.model.BuildingTest" name="testInitialColony" time="0.003" />
  <testcase classname="net.sf.freecol.common.model.BuildingTest" name="testStockadeRequiresMinimumPopulation" time="0.003" />
  <testcase classname="net.sf.freecol.common.model.BuildingTest" name="testNewspaperBonus" time="0.006" />
  <testcase classname="net.sf.freecol.common.model.BuildingTest" name="testCanAddToSchool" time="0.005" />
  <testcase classname="net.sf.freecol.common.model.ColonyTest" name="testCopyColony" time="0.012" />
  <testcase classname="net.sf.freecol.common.model.ColonyTest" name="testFoundColony" time="0.008" />
  <testcase classname="net.sf.freecol.common.model.ColonyTest" name="testTeaParty" time="0.005" />
  <testcase classname="net.sf.freecol.common.model.ColonyTest" name="testAddUnitToColony" time="0.009" />
  <testcase classname="net.sf.freecol.common.model.ColonyTest" name="testCurrentlyBuilding" time="0.003" />
  <testcase classname="net.sf.freecol.common.model.ColonyTest" name="testBuildQueueDoesNotAcceptBuildingDoubles" time="0.002" />
  <testcase classname="net.sf.freecol.common.model.ColonyTest" name="testBuildQueueAcceptsUnitDoubles" time="0.003" />
  <testcase classname="net.sf.freecol.common.model.ColonyTest" name="testUpkeep" time="0.003" />
  <testcase classname="net.sf.freecol.common.model.ColonyTest" name="testUnderSiege" time="0.004" />
  <testcase classname="net.sf.freecol.common.model.ColonyTest" name="testOccupationWithFood" time="0.004" />
  <testcase classname="net.sf.freecol.common.model.ColonyProductionTest" name="testNoHorsesOverProduction" time="0.002" />
  <testcase classname="net.sf.freecol.common.model.ColonyProductionTest" name="testBellNetProduction" time="0.003" />
  <testcase classname="net.sf.freecol.common.model.ColonyProductionTest" name="testProductionMap" time="0.0" />
  <testcase classname="net.sf.freecol.common.model.ColonyProductionTest" name="testProductionSoldier" time="0.004" />
  <testcase classname="net.sf.freecol.common.model.ColonyProductionTest" name="testConsumers" time="0.002" />
  <testcase classname="net.sf.freecol.common.model.ColonyProductionTest" name="testProductionPioneer" time="0.002" />
  <testcase classname="net.sf.freecol.common.model.ColonyProductionTest" name="testProduction" time="0.003" />
  <testcase classname="net.sf.freecol.common.model.ColonyProductionTest" name="testGetPotentialProduction" time="0.002" />
  <testcase classname="net.sf.freecol.common.model.CombatTest" name="testCaptureConvert" time="0.09" />
  <testcase classname="net.sf.freecol.common.model.CombatTest" name="testGalleonAttackedByPrivateer" time="0.002" />
  <testcase classname="net.sf.freecol.common.model.CombatTest" name="testDefendColonyWithUnarmedColonist" time="0.004" />
  <testcase classname="net.sf.freecol.common.model.CombatTest" name="testRegulars" time="0.035" />
  <testcase classname="net.sf.freecol.common.model.CombatTest" name="testSpanishAgainstNatives" time="0.001" />
  <testcase classname="net.sf.freecol.common.model.CombatTest" name="testColonistAttackedByVeteran" time="0.001" />
  <testcase classname="net.sf.freecol.common.model.CombatTest" name="testAttackIgnoresMovementPoints" time="0.001" />
  <testcase classname="net.sf.freecol.common.model.CombatTest" name="testAttackShipWithLandUnit" time="0.002" />
  <testcase classname="net.sf.freecol.common.model.CombatTest" name="testDefendColonyWithRevere" time="0.003" />
  <testcase classname="net.sf.freecol.common.model.CombatTest" name="testDefendSettlement" time="0.002" />
  <testcase classname="net.sf.freecol.common.model.DisasterTest" name="testDisastersPresent" time="0.0" />
  <testcase classname="net.sf.freecol.common.model.EuropeTest" name="testMissionary" time="0.0" />
  <testcase classname="net.sf.freecol.common.model.FoundingFatherTest" name="testAddAllFathers" time="0.003" />
  <testcase classname="net.sf.freecol.common.model.FoundingFatherTest" name="testAvailableTo" time="0.004" />
  <testcase classname="net.sf.freecol.common.model.FoundingFatherTest" name="testFeatures" time="0.0" />
  <testcase classname="net.sf.freecol.common.model.FoundingFatherTest" name="testBellsRequired" time="0.0" />
  <testcase classname="net.sf.freecol.common.model.GameTest" name="testGame" time="0.001" />
  <testcase classname="net.sf.freecol.common.model.GameTest" name="testTurn" time="0.0" />
  <testcase classname="net.sf.freecol.common.model.GameTest" name="testAddPlayer" time="0.001" />
  <testcase classname="net.sf.freecol.common.model.GoodsTest" name="testGetTakeSpace" time="0.001" />
  <testcase classname="net.sf.freecol.common.model.GoodsTest" name="testGetInputType" time="0.0" />
  <testcase classname="net.sf.freecol.common.model.GoodsTest" name="testSetGetAmount" time="0.001" />
  <testcase classname="net.sf.freecol.common.model.GoodsTest" name="testGoodsGameLocationIntInt" time="0.001" />
  <testcase classname="net.sf.freecol.common.model.GoodsTest" name="testToString" time="0.006" />
  <testcase classname="net.sf.freecol.common.model.GoodsTest" name="testBuildingMaterials" time="0.0" />
  <testcase classname="net.sf.freecol.common.model.GoodsTest" name="testIsFarmedGoods" time="0.0" />
  <testcase classname="net.sf.freecol.common.model.GoodsTest" name="testGetName" time="0.001" />
  <testcase classname="net.sf.freecol.common.model.GoodsTest" name="testGetOutputType" time="0.0" />
  <testcase classname="net.sf.freecol.common.model.GoodsTest" name="testMilitaryGoods" time="0.0" />
  <testcase classname="net.sf.freecol.common.model.GoodsTest" name="testTradeGoods" time="0.0" />
  <testcase classname="net.sf.freecol.common.model.GoodsTest" name="testProductionChain" time="0.0" />
  <testcase classname="net.sf.freecol.common.model.GoodsTest" name="testAdjustAmount" time="0.002" />
  <testcase classname="net.sf.freecol.common.model.GoodsTest" name="testSetOwner" time="0.001" />
  <testcase classname="net.sf.freecol.common.model.GoodsContainerTest" name="testContainer" time="0.003" />
  <testcase classname="net.sf.freecol.common.model.IndianSettlementTest" name="testAutomaticEquipBraves" time="0.001" />
  <testcase classname="net.sf.freecol.common.model.IndianSettlementTest" name="testSettlementDoesNotOwnWaterTiles" time="0.001" />
  <testcase classname="net.sf.freecol.common.model.IndianSettlementTest" name="testTradeGoodsWithSetlement" time="0.001" />
  <testcase classname="net.sf.freecol.common.model.IndividualFatherTest" name="testPaine" time="0.004" />
  <testcase classname="net.sf.freecol.common.model.IndividualFatherTest" name="testBolivar" time="0.003" />
  <testcase classname="net.sf.freecol.common.model.IndividualFatherTest" name="testBrebeuf" time="0.001" />
  <testcase classname="net.sf.freecol.common.model.IndividualFatherTest" name="testStuyvesant" time="0.007" />
  <testcase classname="net.sf.freecol.common.model.IndividualFatherTest" name="testBrewster" time="0.001" />
  <testcase classname="net.sf.freecol.common.model.IndividualFatherTest" name="testCortes" time="0.003" />
  <testcase classname="net.sf.freecol.common.model.IndividualFatherTest" name="testDeWitt" time="0.001" />
  <testcase classname="net.sf.freecol.common.model.IndividualFatherTest" name="testJefferson" time="0.004" />
  <testcase classname="net.sf.freecol.common.model.IndividualFatherTest" name="testMinuit" time="0.003" />
  <testcase classname="net.sf.freecol.common.model.IndividualFatherTest" name="testRevere" time="0.002" />
  <testcase classname="net.sf.freecol.common.model.IndividualFatherTest" name="testDeLasCasas" time="0.003" />
  <testcase classname="net.sf.freecol.common.model.LimitTest" name="testSuccessionLimits" time="0.003" />
  <testcase classname="net.sf.freecol.common.model.LimitTest" name="testWagonTrainLimit" time="0.004" />
  <testcase classname="net.sf.freecol.common.model.LimitTest" name="testOperand" time="0.0" />
  <testcase classname="net.sf.freecol.common.model.LimitTest" name="testIndependenceLimits" time="0.005" />
  <testcase classname="net.sf.freecol.common.model.MapTest" name="testGetTiles" time="0.001" />
  <testcase classname="net.sf.freecol.common.model.MapTest" name="testSearchForColony" time="0.022" />
  <testcase classname="net.sf.freecol.common.model.MapTest" name="testCopy" time="0.008" />
  <testcase classname="net.sf.freecol.common.model.MapTest" name="testNoPathAvailableDueToUnitInTheWay" time="0.002" />
  <testcase classname="net.sf.freecol.common.model.MapTest" name="testGetSurroundingTiles" time="0.001" />
  <testcase classname="net.sf.freecol.common.model.MapTest" name="testMapGameInt" time="0.001" />
  <testcase classname="net.sf.freecol.common.model.MapTest" name="testLatitude" time="0.001" />
  <testcase classname="net.sf.freecol.common.model.MapTest" name="testRandomDirection" time="0.0" />
  <testcase classname="net.sf.freecol.common.model.MapTest" name="testShortestPathObstructed" time="0.002" />
  <testcase classname="net.sf.freecol.common.model.MapTest" name="testFindPath" time="0.051" />
  <testcase classname="net.sf.freecol.common.model.MapTest" name="testMoveThroughTileWithEnemyUnit" time="0.001" />
  <testcase classname="net.sf.freecol.common.model.MapTest" name="testNoPathAvailableDueToColonyInTheWay" time="0.002" />
  <testcase classname="net.sf.freecol.common.model.MapTest" name="testNoPathAvailableDueToCampInTheWay" time="0.001" />
  <testcase classname="net.sf.freecol.common.model.MapTest" name="testGetReverseDirection" time="0.0" />
  <testcase classname="net.sf.freecol.common.model.MarketTest" name="testSerialization" time="0.0" />
  <testcase classname="net.sf.freecol.common.model.MarketTest" name="testEuropeMarketPricing" time="0.0" />
  <testcase classname="net.sf.freecol.common.model.MarketTest" name="testTransactionListeners" time="0.0" />
  <testcase classname="net.sf.freecol.common.model.MarketTest" name="testInitialMarket" time="0.0" />
  <testcase classname="net.sf.freecol.common.model.ModelMessageTest" name="testDefaultId" time="0.002" />
  <testcase classname="net.sf.freecol.common.model.ModelMessageTest" name="testHashCode" time="0.002" />
  <testcase classname="net.sf.freecol.common.model.ModelMessageTest" name="testModelMapSet2" time="0.002" />
  <testcase classname="net.sf.freecol.common.model.ModifierTest" name="testScope" time="0.0" />
  <testcase classname="net.sf.freecol.common.model.ModifierTest" name="testCombinedModifier" time="0.0" />
  <testcase classname="net.sf.freecol.common.model.ModifierTest" name="testPercentageModifier" time="0.0" />
  <testcase classname="net.sf.freecol.common.model.ModifierTest" name="testHashEquals" time="0.0" />
  <testcase classname="net.sf.freecol.common.model.ModifierTest" name="testAdditiveModifier" time="0.0" />
  <testcase classname="net.sf.freecol.common.model.ModifierTest" name="testTimeLimits" time="0.0" />
  <testcase classname="net.sf.freecol.common.model.ModifierTest" name="testCombinePercentageModifiers" time="0.0" />
  <testcase classname="net.sf.freecol.common.model.ModifierTest" name="testModifierUnknown" time="0.0" />
  <testcase classname="net.sf.freecol.common.model.ModifierTest" name="testCombineMultiplicativeModifiers" time="0.0" />
  <testcase classname="net.sf.freecol.common.model.ModifierTest" name="testMultiplicativeModifier" time="0.0" />
  <testcase classname="net.sf.freecol.common.model.ModifierTest" name="testIncrements" time="0.0" />
  <testcase classname="net.sf.freecol.common.model.ModifierTest" name="testCombineAdditiveModifiers" time="0.0" />
  <testcase classname="net.sf.freecol.common.model.MonarchTest" name="testTaxActionChoices" time="0.003" />
  <testcase classname="net.sf.freecol.common.model.MonarchTest" name="testSerialize" time="0.0" />
  <testcase classname="net.sf.freecol.common.model.MovementTest" name="testMoveAlongRoad" time="0.001" />
  <testcase classname="net.sf.freecol.common.model.MovementTest" name="testMoveAlongRiver" time="0.002" />
  <testcase classname="net.sf.freecol.common.model.MovementTest" name="testMoveFromPlainsToHills" time="0.0" />
  <testcase classname="net.sf.freecol.common.model.MovementTest" name="testMoveFromPlainsToPlains" time="0.001" />
  <testcase classname="net.sf.freecol.common.model.MovementTest" name="testScoutIndianSettlement" time="0.001" />
  <testcase classname="net.sf.freecol.common.model.MovementTest" name="testScoutColony" time="0.003" />
  <testcase classname="net.sf.freecol.common.model.NationTypeTest" name="testSettlementType" time="0.0" />
  <testcase classname="net.sf.freecol.common.model.NationTypeTest" name="testIsREF" time="0.0" />
  <testcase classname="net.sf.freecol.common.model.NationTypeTest" name="testisRef" time="0.0" />
  <testcase classname="net.sf.freecol.common.model.NationTypeTest" name="testAdvantagesThatOnlyApplyToPersons" time="0.003" />
  <testcase classname="net.sf.freecol.common.model.NationTypeTest" name="testHasType" time="0.0" />
  <testcase classname="net.sf.freecol.common.model.NationTypeTest" name="testStartingUnits" time="0.001" />
  <testcase classname="net.sf.freecol.common.model.PlayerTest" name="testAddAnotherPlayersUnit" time="0.001" />
  <testcase classname="net.sf.freecol.common.model.PlayerTest" name="testFreecolPlayers" time="0.004" />
  <testcase classname="net.sf.freecol.common.model.PlayerTest" name="testTension" time="0.0" />
  <testcase classname="net.sf.freecol.common.model.PlayerTest" name="testUnits" time="0.002" />
  <testcase classname="net.sf.freecol.common.model.PlayerTest" name="testClassicPlayers" time="0.001" />
  <testcase classname="net.sf.freecol.common.model.ProductionTypeTest" name="testOtherBuildings" time="0.0" />
  <testcase classname="net.sf.freecol.common.model.ProductionTypeTest" name="testRainForest" time="0.001" />
  <testcase classname="net.sf.freecol.common.model.ProductionTypeTest" name="testHorseProduction" time="0.0" />
  <testcase classname="net.sf.freecol.common.model.ProductionTypeTest" name="testSavannah" time="0.0" />
  <testcase classname="net.sf.freecol.common.model.ProductionTypeTest" name="testHills" time="0.0" />
  <testcase classname="net.sf.freecol.common.model.ProductionTypeTest" name="testMarsh" time="0.0" />
  <testcase classname="net.sf.freecol.common.model.ProductionTypeTest" name="testOcean" time="0.0" />
  <testcase classname="net.sf.freecol.common.model.ProductionTypeTest" name="testSwamp" time="0.0" />
  <testcase classname="net.sf.freecol.common.model.ProductionTypeTest" name="testCoatProduction" time="0.0" />
  <testcase classname="net.sf.freecol.common.model.ProductionTypeTest" name="testLake" time="0.0" />
  <testcase classname="net.sf.freecol.common.model.ProductionTypeTest" name="testHighSeas" time="0.0" />
  <testcase classname="net.sf.freecol.common.model.ProductionTypeTest" name="testPrairie" time="0.0" />
  <testcase classname="net.sf.freecol.common.model.ProductionTypeTest" name="testWetlandForest" time="0.0" />
  <testcase classname="net.sf.freecol.common.model.ProductionTypeTest" name="testGrassland" time="0.0" />
  <testcase classname="net.sf.freecol.common.model.ProductionTypeTest" name="testBroadleafForest" time="0.0" />
  <testcase classname="net.sf.freecol.common.model.ProductionTypeTest" name="testCrossProduction" time="0.0" />
  <testcase classname="net.sf.freecol.common.model.ProductionTypeTest" name="testGreatRiver" time="0.0" />
  <testcase classname="net.sf.freecol.common.model.ProductionTypeTest" name="testToolsProduction" time="0.0" />
  <testcase classname="net.sf.freecol.common.model.ProductionTypeTest" name="testMixedForest" time="0.0" />
  <testcase classname="net.sf.freecol.common.model.ProductionTypeTest" name="testBorealForest" time="0.0" />
  <testcase classname="net.sf.freecol.common.model.ProductionTypeTest" name="testBellProduction" time="0.0" />
  <testcase classname="net.sf.freecol.common.model.ProductionTypeTest" name="testClothProduction" time="0.0" />
  <testcase classname="net.sf.freecol.common.model.ProductionTypeTest" name="testMountains" time="0.0" />
  <testcase classname="net.sf.freecol.common.model.ProductionTypeTest" name="testArctic" time="0.0" />
  <testcase classname="net.sf.freecol.common.model.ProductionTypeTest" name="testConiferForest" time="0.0" />
  <testcase classname="net.sf.freecol.common.model.ProductionTypeTest" name="testDesert" time="0.0" />
  <testcase classname="net.sf.freecol.common.model.ProductionTypeTest" name="testHammerProduction" time="0.0" />
  <testcase classname="net.sf.freecol.common.model.ProductionTypeTest" name="testPlains" time="0.0" />
  <testcase classname="net.sf.freecol.common.model.ProductionTypeTest" name="testMusketProduction" time="0.0" />
  <testcase classname="net.sf.freecol.common.model.ProductionTypeTest" name="testCigarProduction" time="0.0" />
  <testcase classname="net.sf.freecol.common.model.ProductionTypeTest" name="testTundra" time="0.0" />
  <testcase classname="net.sf.freecol.common.model.ProductionTypeTest" name="testRumProduction" time="0.001" />
  <testcase classname="net.sf.freecol.common.model.ProductionTypeTest" name="testTropicalForest" time="0.0" />
  <testcase classname="net.sf.freecol.common.model.ProductionTypeTest" name="testScrubForest" time="0.0" />
  <testcase classname="net.sf.freecol.common.model.RandomRangeTest" name="testRandomRange" time="0.003" />
  <testcase classname="net.sf.freecol.common.model.RoleTest" name="testRoleComparator" time="0.0" />
  <testcase classname="net.sf.freecol.common.model.RoleTest" name="testMilitaryRoles" time="0.001" />
  <testcase classname="net.sf.freecol.common.model.RoleTest" name="testGoodsDifference" time="0.001" />
  <testcase classname="net.sf.freecol.common.model.RoleTest" name="testCompatibleRoles" time="0.0" />
  <testcase classname="net.sf.freecol.common.model.RoleTest" name="testGetRoleWithAbility" time="0.0" />
  <testcase classname="net.sf.freecol.common.model.SchoolTest" name="testEducationOption" time="0.006" />
  <testcase classname="net.sf.freecol.common.model.SchoolTest" name="testChangeTeachers" time="0.003" />
  <testcase classname="net.sf.freecol.common.model.SchoolTest" name="testUpgrades" time="0.0" />
  <testcase classname="net.sf.freecol.common.model.ScopeTest" name="testEmptyScope" time="0.0" />
  <testcase classname="net.sf.freecol.common.model.ScopeTest" name="testMethodScope" time="0.0" />
  <testcase classname="net.sf.freecol.common.model.ScopeTest" name="testCombinedScope" time="0.0" />
  <testcase classname="net.sf.freecol.common.model.ScopeTest" name="testTypeScope" time="0.0" />
  <testcase classname="net.sf.freecol.common.model.ScopeTest" name="testAbilityScope" time="0.0" />
  <testcase classname="net.sf.freecol.common.model.ScopeTest" name="testEquality" time="0.0" />
  <testcase classname="net.sf.freecol.common.model.ScopeTest" name="testMatchesNull" time="0.0" />
  <testcase classname="net.sf.freecol.common.model.ScopeTest" name="testGameObjects" time="0.001" />
  <testcase classname="net.sf.freecol.common.model.SerializationTest" name="testSpecification" time="0.163" />
  <testcase classname="net.sf.freecol.common.model.SerializationTest" name="testValidation" time="0.096" />
  <testcase classname="net.sf.freecol.common.model.SerializationTest" name="testStandardMaps" time="0.549" />
  <testcase classname="net.sf.freecol.common.model.SerializationTest" name="testStringTemplate" time="0.004" />
  <testcase classname="net.sf.freecol.common.model.SerializationTest" name="testDifficulty" time="0.028" />
  <testcase classname="net.sf.freecol.common.model.SerializationTest" name="testGeneratedLists" time="0.024" />
  <testcase classname="net.sf.freecol.common.model.SettlementTest" name="testColonyClaimsWater" time="0.002" />
  <testcase classname="net.sf.freecol.common.model.SettlementTest" name="testLineOfSight" time="0.002" />
  <testcase classname="net.sf.freecol.common.model.SettlementTest" name="testSettlementRadius" time="0.003" />
  <testcase classname="net.sf.freecol.common.model.SettlementTest" name="testCanImproveUnitMilitaryRole" time="0.004" />
  <testcase classname="net.sf.freecol.common.model.SettlementTest" name="testSettlementDoesNotClaimWater" time="0.001" />
  <testcase classname="net.sf.freecol.common.model.SettlementTest" name="testColonyRadius" time="0.001" />
  <testcase classname="net.sf.freecol.common.model.SoLTest" name="testSoL" time="0.005" />
  <testcase classname="net.sf.freecol.common.model.TileImprovementTest" name="testRoadWithExtras" time="0.0" />
  <testcase classname="net.sf.freecol.common.model.TileImprovementTest" name="testRiverWithExtras" time="0.0" />
  <testcase classname="net.sf.freecol.common.model.TileImprovementTest" name="testRoadNoExtras" time="0.0" />
  <testcase classname="net.sf.freecol.common.model.TileImprovementTest" name="testRiverNoExtras" time="0.0" />
  <testcase classname="net.sf.freecol.common.model.TileItemContainerTest" name="testCopyFromWithEveryThing" time="0.001" />
  <testcase classname="net.sf.freecol.common.model.TileTest" name="testTileTypeChangeProduction" time="0.0" />
  <testcase classname="net.sf.freecol.common.model.TileTest" name="testDefenceModifiers" time="0.0" />
  <testcase classname="net.sf.freecol.common.model.TileTest" name="testPrimarySecondaryGoods" time="0.003" />
  <testcase classname="net.sf.freecol.common.model.TileTest" name="testPotential" time="0.0" />
  <testcase classname="net.sf.freecol.common.model.TileTest" name="testCopy" time="0.002" />
  <testcase classname="net.sf.freecol.common.model.TileTest" name="testImprovements" time="0.0" />
  <testcase classname="net.sf.freecol.common.model.TileTest" name="testMinerals" time="0.001" />
  <testcase classname="net.sf.freecol.common.model.TileTest" name="testMaximumPotential" time="0.003" />
  <testcase classname="net.sf.freecol.common.model.TileTest" name="testIsTileTypeAllowed" time="0.0" />
  <testcase classname="net.sf.freecol.common.model.TileTest" name="testGetWorkAmount" time="0.001" />
  <testcase classname="net.sf.freecol.common.model.TileTest" name="testGetBestDisembarkTile" time="0.004" />
  <testcase classname="net.sf.freecol.common.model.TileTest" name="testColonyImprovements" time="0.001" />
  <testcase classname="net.sf.freecol.common.model.TileTest" name="testConiferForest" time="0.006" />
  <testcase classname="net.sf.freecol.common.model.TileTest" name="testProductionModifiers" time="0.002" />
  <testcase classname="net.sf.freecol.common.model.TileTest" name="testZIndex" time="0.0" />
  <testcase classname="net.sf.freecol.common.model.TradeRouteTest" name="testTradeRoute" time="0.009" />
  <testcase classname="net.sf.freecol.common.model.UnitTest" name="testIsColonist" time="0.002" />
  <testcase classname="net.sf.freecol.common.model.UnitTest" name="testUnitLosesExperienceWithRoleChange" time="0.0" />
  <testcase classname="net.sf.freecol.common.model.UnitTest" name="testUnitAvailability" time="0.001" />
  <testcase classname="net.sf.freecol.common.model.UnitTest" name="testOwnerChange" time="0.001" />
  <testcase classname="net.sf.freecol.common.model.UnitTest" name="testIndianDies" time="0.001" />
  <testcase classname="net.sf.freecol.common.model.UnitTest" name="testGetMovesAsString" time="0.001" />
  <testcase classname="net.sf.freecol.common.model.UnitTest" name="testCopy" time="0.009" />
  <testcase classname="net.sf.freecol.common.model.UnitTest" name="testDefaultRole" time="0.0" />
  <testcase classname="net.sf.freecol.common.model.UnitTest" name="testMissionary" time="0.003" />
  <testcase classname="net.sf.freecol.common.model.UnitTest" name="testUnitCanBuildColony" time="0.002" />
  <testcase classname="net.sf.freecol.common.model.UnitTest" name="testCarrierOwnerChange" time="0.001" />
  <testcase classname="net.sf.freecol.common.model.UnitTest" name="testTreasureTransportFee" time="0.0" />
  <testcase classname="net.sf.freecol.common.model.UnitTest" name="testFailedAddGoods" time="0.001" />
  <testcase classname="net.sf.freecol.common.model.UnitTest" name="testAttrition" time="0.0" />
  <testcase classname="net.sf.freecol.common.model.UnitTest" name="testGetLineOfSight" time="0.001" />
  <testcase classname="net.sf.freecol.common.model.UnitTest" name="testCanAdd" time="0.0" />
  <testcase classname="net.sf.freecol.common.model.UnitTest" name="testUnitLocationAfterBuildingColony" time="0.002" />
  <testcase classname="net.sf.freecol.common.model.UnitChangeTypeTest" name="testEmptyScope" time="0.0" />
  <testcase classname="net.sf.freecol.common.model.UnitChangeTypeTest" name="testCreation" time="0.001" />
  <testcase classname="net.sf.freecol.common.model.UnitChangeTypeTest" name="testAbilityScope" time="0.001" />
  <testcase classname="net.sf.freecol.common.utils.UtilsTest" name="testComparator" time="0.0" />
  <testcase classname="net.sf.freecol.common.utils.UtilsTest" name="testGetPermutations" time="0.0" />
  <testcase classname="net.sf.freecol.server.SaveLoadTest" name="testDelayedLoading" time="0.393" />
  <testcase classname="net.sf.freecol.server.SaveLoadTest" name="testImmediateLoading" time="0.266" />
  <testcase classname="net.sf.freecol.server.SaveLoadTest" name="testImport" time="0.241" />
  <testcase classname="net.sf.freecol.server.ai.AIColonyTest" name="testBuildersAllocation" time="0.104" />
  <testcase classname="net.sf.freecol.server.ai.AIColonyTest" name="testBestDefender" time="0.006" />
  <testcase classname="net.sf.freecol.server.ai.AIColonyTest" name="testBuildersAllocNoRawMatTiles" time="0.111" />
  <testcase classname="net.sf.freecol.server.ai.AIColonyTest" name="testExpertAllocColonyHasEnoughRawMat" time="0.013" />
  <testcase classname="net.sf.freecol.server.ai.ContactTest" name="testNativeMeetsEuropean" time="0.006" />
  <testcase classname="net.sf.freecol.server.ai.ContactTest" name="testNativeMeetsColony" time="0.005" />
  <testcase classname="net.sf.freecol.server.ai.ContactTest" name="testShipMeetsShip" time="0.003" />
  <testcase classname="net.sf.freecol.server.ai.ContactTest" name="testNativeMeetsNative" time="0.004" />
  <testcase classname="net.sf.freecol.server.ai.ContactTest" name="testNativeMeetsIndianSettlement" time="0.004" />
  <testcase classname="net.sf.freecol.server.ai.ContactTest" name="testEuropeanMeetsIndianSettlement" time="0.008" />
  <testcase classname="net.sf.freecol.server.ai.ContactTest" name="testEuropeanMeetsNative" time="0.003" />
  <testcase classname="net.sf.freecol.server.ai.ColonyPlanTest" name="testGetBestWorker" time="0.032" />
  <testcase classname="net.sf.freecol.server.ai.ColonyPlanTest" name="testBestImprovements" time="0.002" />
  <testcase classname="net.sf.freecol.server.ai.ColonyPlanTest" name="testNoBuildRawMatTiles" time="0.01" />
  <testcase classname="net.sf.freecol.server.ai.ColonyPlanTest" name="testReqLumberAndHammersForBuild" time="0.008" />
  <testcase classname="net.sf.freecol.server.ai.ColonyPlanTest" name="testReqOreAndToolsWithEnoughHammersForBuild" time="0.011" />
  <testcase classname="net.sf.freecol.server.ai.MissionAssignmentTest" name="testIsTargetValidForSeekAndDestroy" time="0.005" />
  <testcase classname="net.sf.freecol.server.ai.MissionAssignmentTest" name="testImpossibleConditionsForTargetSelection" time="0.004" />
  <testcase classname="net.sf.freecol.server.ai.MissionAssignmentTest" name="testSecureIndianSettlementMissionIgnoreNavalThreat" time="0.007" />
  <testcase classname="net.sf.freecol.server.ai.MissionAssignmentTest" name="testSecureIndianSettlementMission" time="0.008" />
  <testcase classname="net.sf.freecol.server.ai.MissionAssignmentTest" name="testAssignDefendSettlementMission" time="0.004" />
  <testcase classname="net.sf.freecol.server.ai.REFTest" name="testCreateREFPlayer" time="0.009" />
  <testcase classname="net.sf.freecol.server.ai.REFTest" name="testAddToREF" time="0.008" />
  <testcase classname="net.sf.freecol.server.ai.StandardAIPlayerTest" name="testEquipBravesNotEnoughReqGoods" time="0.006" />
  <testcase classname="net.sf.freecol.server.ai.StandardAIPlayerTest" name="testEquipBraves" time="0.004" />
  <testcase classname="net.sf.freecol.server.ai.TensionTest" name="testTension" time="0.013" />
  <testcase classname="net.sf.freecol.server.ai.mission.PioneeringMissionTest" name="testImprovementNoLongerValid" time="0.013" />
  <testcase classname="net.sf.freecol.server.ai.mission.PrivateerMissionTest" name="testIsMissionValid" time="0.005" />
  <testcase classname="net.sf.freecol.server.ai.mission.ScoutingMissionTest" name="testHorsesLost" time="0.005" />
  <testcase classname="net.sf.freecol.server.ai.mission.TransportMissionTest" name="testGetNextStopAlreadyAtDestination" time="0.009" />
  <testcase classname="net.sf.freecol.server.ai.mission.TransportMissionTest" name="testGetDefaultDestination" time="0.014" />
  <testcase classname="net.sf.freecol.server.ai.mission.TransportMissionTest" name="testWagonTrain" time="0.014" />
  <testcase classname="net.sf.freecol.server.ai.mission.TransportMissionTest" name="testGetNextStopIsColony" time="0.02" />
  <testcase classname="net.sf.freecol.server.ai.mission.TransportMissionTest" name="testGetNextStopIsEurope" time="0.022" />
  <testcase classname="net.sf.freecol.server.ai.mission.TransportMissionTest" name="testTransportMissionInvalidAfterCombatLost" time="0.018" />
  <testcase classname="net.sf.freecol.server.ai.mission.UnitSeekAndDestroyMissionTest" name="testCapturedUnitsLoseMission" time="0.003" />
  <testcase classname="net.sf.freecol.server.ai.mission.UnitSeekAndDestroyMissionTest" name="testDoNotPursueUnitsInColonies" time="0.003" />
  <testcase classname="net.sf.freecol.server.control.InGameControllerTest" name="testWarDeclarationAffectsSettlementAlarm" time="0.005" />
  <testcase classname="net.sf.freecol.server.control.InGameControllerTest" name="testArtilleryDemotedBySoldier" time="0.008" />
  <testcase classname="net.sf.freecol.server.control.InGameControllerTest" name="testPeaceTreatyFromWarStance" time="0.008" />
  <testcase classname="net.sf.freecol.server.control.InGameControllerTest" name="testScoutDiesNotLosesEquipment" time="0.006" />
  <testcase classname="net.sf.freecol.server.control.InGameControllerTest" name="testDragoonDemotedByBrave" time="0.017" />
  <testcase classname="net.sf.freecol.server.control.InGameControllerTest" name="testCeaseFireTreaty" time="0.003" />
  <testcase classname="net.sf.freecol.server.control.InGameControllerTest" name="testDeclarationOfWarFromPeace" time="0.002" />
  <testcase classname="net.sf.freecol.server.control.InGameControllerTest" name="testAttackColonyWithVeteran" time="0.01" />
  <testcase classname="net.sf.freecol.server.control.InGameControllerTest" name="testDragoonDemotedBySoldier" time="0.007" />
  <testcase classname="net.sf.freecol.server.control.InGameControllerTest" name="testAddFatherUnits" time="0.003" />
  <testcase classname="net.sf.freecol.server.control.InGameControllerTest" name="testDumpGoods" time="0.013" />
  <testcase classname="net.sf.freecol.server.control.InGameControllerTest" name="testAtackedNavalUnitIsDamaged" time="0.008" />
  <testcase classname="net.sf.freecol.server.control.InGameControllerTest" name="testLaSalle" time="0.008" />
  <testcase classname="net.sf.freecol.server.control.InGameControllerTest" name="testPocahontas" time="0.005" />
  <testcase classname="net.sf.freecol.server.control.InGameControllerTest" name="testPioneerDiesNotLosesEquipment" time="0.004" />
  <testcase classname="net.sf.freecol.server.control.InGameControllerTest" name="testPromotion" time="0.009" />
  <testcase classname="net.sf.freecol.server.control.InGameControllerTest" name="testClearSpecialty" time="0.003" />
  <testcase classname="net.sf.freecol.server.control.InGameControllerTest" name="testPeaceTreatyFromCeaseFireStance" time="0.003" />
  <testcase classname="net.sf.freecol.server.control.InGameControllerTest" name="testUnitLosesExperienceWithWorkChange" time="0.005" />
  <testcase classname="net.sf.freecol.server.control.InGameControllerTest" name="testEquipIndianNotEnoughReqGoods" time="0.002" />
  <testcase classname="net.sf.freecol.server.control.InGameControllerTest" name="testCashInTreasure" time="0.006" />
  <testcase classname="net.sf.freecol.server.control.InGameControllerTest" name="testUnitTypeChangeOnEnterColony" time="0.004" />
  <testcase classname="net.sf.freecol.server.control.InGameControllerTest" name="testSoldierDemotedBySoldier" time="0.005" />
  <testcase classname="net.sf.freecol.server.control.InGameControllerTest" name="testAttrition" time="0.009" />
  <testcase classname="net.sf.freecol.server.control.InGameControllerTest" name="testUnarmedAttack" time="0.004" />
  <testcase classname="net.sf.freecol.server.control.InGameControllerTest" name="testCarpenterHouseNationalAdvantage" time="0.005" />
  <testcase classname="net.sf.freecol.server.control.InGameControllerTest" name="testCreateMission" time="0.005" />
  <testcase classname="net.sf.freecol.server.control.InGameControllerTest" name="testDoAssignedWorkAmateurAndHardyPioneer" time="0.135" />
  <testcase classname="net.sf.freecol.server.control.InGameControllerTest" name="testEmbark" time="0.003" />
  <testcase classname="net.sf.freecol.server.control.InGameControllerTest" name="testVeteranSoldierDemotedBySoldier" time="0.007" />
  <testcase classname="net.sf.freecol.server.control.InGameControllerTest" name="testLoseColonyDefenceWithRevere" time="0.008" />
  <testcase classname="net.sf.freecol.server.control.InGameControllerTest" name="testBuildingBonus" time="0.007" />
  <testcase classname="net.sf.freecol.server.control.InGameControllerTest" name="testColonistDemotedBySoldier" time="0.005" />
  <testcase classname="net.sf.freecol.server.control.InGameControllerTest" name="testScoutDefeatedBySoldier" time="0.005" />
  <testcase classname="net.sf.freecol.server.control.InGameControllerTest" name="testAddFatherBuildingEvent" time="0.005" />
  <testcase classname="net.sf.freecol.server.control.InGameControllerTest" name="testAttackColonyWithBrave" time="0.031" />
  <testcase classname="net.sf.freecol.server.control.InGameControllerTest" name="testEquipIndian" time="0.008" />
  <testcase classname="net.sf.freecol.server.model.ServerBuildingTest" name="testMoveTeacherOutside" time="0.015" />
  <testcase classname="net.sf.freecol.server.model.ServerBuildingTest" name="testTeacherStoresProgress" time="0.01" />
  <testcase classname="net.sf.freecol.server.model.ServerBuildingTest" name="testCaseTwoTeachersWithDifferentExp" time="0.007" />
  <testcase classname="net.sf.freecol.server.model.ServerBuildingTest" name="testMoveTeacherInside" time="0.007" />
  <testcase classname="net.sf.freecol.server.model.ServerBuildingTest" name="testConcurrentUpgrade" time="0.007" />
  <testcase classname="net.sf.freecol.server.model.ServerBuildingTest" name="testTeachingOrder" time="0.014" />
  <testcase classname="net.sf.freecol.server.model.ServerBuildingTest" name="testTeachPettyCriminalsByMaster" time="0.012" />
  <testcase classname="net.sf.freecol.server.model.ServerBuildingTest" name="testTeachingDoublePromotion" time="0.009" />
  <testcase classname="net.sf.freecol.server.model.ServerBuildingTest" name="testUniversity" time="0.007" />
  <testcase classname="net.sf.freecol.server.model.ServerBuildingTest" name="testTwoTeachersSimple" time="0.008" />
  <testcase classname="net.sf.freecol.server.model.ServerBuildingTest" name="testTrackerBug1616384" time="0.022" />
  <testcase classname="net.sf.freecol.server.model.ServerBuildingTest" name="testSingleGuyTwoTeachers2" time="0.009" />
  <testcase classname="net.sf.freecol.server.model.ServerBuildingTest" name="testCollege" time="0.011" />
  <testcase classname="net.sf.freecol.server.model.ServerBuildingTest" name="testSingleGuyTwoTeachers" time="0.012" />
  <testcase classname="net.sf.freecol.server.model.ServerBuildingTest" name="testSonsOfLiberty" time="0.015" />
  <testcase classname="net.sf.freecol.server.model.ServerBuildingTest" name="testTwoTeachersOfSameKind" time="0.01" />
  <testcase classname="net.sf.freecol.server.model.ServerBuildingTest" name="testTeachPettyCriminals" time="0.011" />
  <testcase classname="net.sf.freecol.server.model.ServerBuildingTest" name="testProductionBonus" time="0.007" />
  <testcase classname="net.sf.freecol.server.model.ServerBuildingTest" name="testPartTraining" time="0.01" />
  <testcase classname="net.sf.freecol.server.model.ServerBuildingTest" name="testExpertTeaching" time="0.007" />
  <testcase classname="net.sf.freecol.server.model.ServerBuildingTest" name="testColonialRegular" time="0.005" />
  <testcase classname="net.sf.freecol.server.model.ServerBuildingTest" name="testTeachIndenturedServants" time="0.005" />
  <testcase classname="net.sf.freecol.server.model.ServerColonyTest" name="testEqualFoodProductionConsumptionCase" time="0.005" />
  <testcase classname="net.sf.freecol.server.model.ServerColonyTest" name="testDeathByStarvation" time="0.008" />
  <testcase classname="net.sf.freecol.server.model.ServerColonyTest" name="testBuildingCompletion" time="0.01" />
  <testcase classname="net.sf.freecol.server.model.ServerColonyTest" name="testInvalidCompletion" time="0.007" />
  <testcase classname="net.sf.freecol.server.model.ServerColonyTest" name="testAvoidStarvation" time="0.006" />
  <testcase classname="net.sf.freecol.server.model.ServerColonyTest" name="testNoBuildingMaterialsProductionWhenBuildingNothing" time="0.007" />
  <testcase classname="net.sf.freecol.server.model.ServerColonyTest" name="testFoodConsumption" time="0.004" />
  <testcase classname="net.sf.freecol.server.model.ServerColonyTest" name="testLibertyAndImmigration" time="0.006" />
  <testcase classname="net.sf.freecol.server.model.ServerIndianSettlementTest" name="testHorseBreedingNoFoodAvail" time="0.009" />
  <testcase classname="net.sf.freecol.server.model.ServerIndianSettlementTest" name="testPricing" time="0.012" />
  <testcase classname="net.sf.freecol.server.model.ServerIndianSettlementTest" name="testHorseBreeding" time="0.007" />
  <testcase classname="net.sf.freecol.server.model.ServerIndianSettlementTest" name="testFoodConsumption" time="0.005" />
  <testcase classname="net.sf.freecol.server.model.ServerPlayerTest" name="testCheckNoGameOverEnoughMoney" time="0.003" />
  <testcase classname="net.sf.freecol.server.model.ServerPlayerTest" name="testCheckGameOver1600Threshold" time="0.003" />
  <testcase classname="net.sf.freecol.server.model.ServerPlayerTest" name="testCheckNoGameOverHasColonistInNewWorld" time="0.003" />
  <testcase classname="net.sf.freecol.server.model.ServerPlayerTest" name="testHasExploredTile" time="0.002" />
  <testcase classname="net.sf.freecol.server.model.ServerPlayerTest" name="testBuyingMakesPricesRaise" time="0.003" />
  <testcase classname="net.sf.freecol.server.model.ServerPlayerTest" name="testCheckGameOverUnitsGoingToEurope" time="0.003" />
  <testcase classname="net.sf.freecol.server.model.ServerPlayerTest" name="testDutchMarket" time="0.009" />
  <testcase classname="net.sf.freecol.server.model.ServerPlayerTest" name="testCheckGameOverNoUnits" time="0.002" />
  <testcase classname="net.sf.freecol.server.model.ServerPlayerTest" name="testCheckGameOverUnitsGoingToNewWorld" time="0.002" />
  <testcase classname="net.sf.freecol.server.model.ServerPlayerTest" name="testSellingMakesPricesFall" time="0.001" />
  <testcase classname="net.sf.freecol.server.model.ServerPlayerTest" name="testMarketRecovery" time="0.013" />
  <testcase classname="net.sf.freecol.server.model.ServerPlayerTest" name="testLoadInColony" time="0.004" />
  <testcase classname="net.sf.freecol.server.model.ServerPlayerTest" name="testLoadInEurope" time="0.01" />
  <testcase classname="net.sf.freecol.server.model.ServerUnitTest" name="testDoAssignedWorkHardyPioneerPlowPlain" time="0.004" />
  <testcase classname="net.sf.freecol.server.model.ServerUnitTest" name="testColonyProfitFromEnhancement" time="0.005" />
  <testcase classname="net.sf.freecol.server.model.ServerUnitTest" name="testExposeResource" time="0.002" />
  <testcase classname="net.sf.freecol.server.model.ServerUnitTest" name="testDoAssignedWorkHardyPioneerBuildRoad" time="0.002" />
  <testcase classname="net.sf.freecol.server.model.ServerUnitTest" name="testUnitPromotionWorkingInWorkTile" time="0.003" />
  <testcase classname="net.sf.freecol.server.model.ServerUnitTest" name="testUnitGetsExperienceThroughWork" time="0.003" />
  <testcase classname="net.sf.freecol.server.model.ServerUnitTest" name="testUnitLumberDelivery" time="0.008" />
  <testcase classname="net.sf.freecol.server.model.ServerUnitTest" name="testToggleHorses" time="0.004" />
  <testcase classname="net.sf.freecol.server.generator.MapGeneratorTest" name="testSinglePlayerOnSmallMap" time="0.069" />
  <testcase classname="net.sf.freecol.server.generator.MapGeneratorTest" name="testImportMap" time="0.711" />
  <testcase classname="net.sf.freecol.server.generator.MapGeneratorTest" name="testRegions" time="0.076" />
  <testcase classname="net.sf.freecol.server.generator.MapGeneratorTest" name="testWithNoIndians" time="0.073" />
  <testcase classname="net.sf.freecol.server.generator.MapGeneratorTest" name="testIndianCapital" time="0.084" />
  <testcase classname="net.sf.freecol.server.generator.MapGeneratorTest" name="testMapGenerator" time="0.068" />
  <testcase classname="net.sf.freecol.client.control.MoveTest" name="testSimpleMove" time="1.087" />
  <testcase classname="net.sf.freecol.client.gui.FontTest" name="testLogicalSerif" time="0.003" />
  <system-out><![CDATA[]]></system-out>
  <system-err><![CDATA[Apr 22, 2022 5:50:52 PM net.sf.freecol.common.model.Specification clean
INFO: Specification clean following load from InputStream complete, starting year=1492, season year=1600, ages=[1,109,309], seasons=2, difficulty=null, 267 Types, 80 Abilities, 41 BuildingTypes, 14 Disasters, 10 EuropeanNationTypes, 2 Events, 25 FoundingFathers, 21 GoodsTypes, 8 IndianNationTypes, 60 Modifiers, 25 Nations, 71 Options, 16 Option Groups, 12 ResourceTypes, 11 Roles, 23 TileTypes, 6 TileImprovementTypes, 13 UnitChangeTypes, 42 UnitTypes read.
Apr 22, 2022 5:50:52 PM net.sf.freecol.common.model.Specification clean
INFO: Specification clean following load from InputStream complete, starting year=1492, season year=1600, ages=[1,109,309], seasons=2, difficulty=null, 255 Types, 79 Abilities, 41 BuildingTypes, 14 Disasters, 6 EuropeanNationTypes, 2 Events, 25 FoundingFathers, 21 GoodsTypes, 8 IndianNationTypes, 60 Modifiers, 17 Nations, 71 Options, 16 Option Groups, 12 ResourceTypes, 11 Roles, 23 TileTypes, 6 TileImprovementTypes, 13 UnitChangeTypes, 42 UnitTypes read.
Apr 22, 2022 5:50:52 PM net.sf.freecol.common.i18n.Messages replaceChoices
WARNING: Unknown key or untagged choice: 'west=westward|east=eastward|default=into the wind', selector was 'whatever', trying 'default' instead
Apr 22, 2022 5:50:52 PM net.sf.freecol.common.i18n.Messages replaceChoices
WARNING: No tag found: {{}}abc   {{xyz}}def{{123|567}}
Apr 22, 2022 5:50:52 PM net.sf.freecol.common.i18n.Messages replaceChoices
WARNING: No tag found: {{}}abc   {{xyz}}def{{123|567}}
Apr 22, 2022 5:50:52 PM net.sf.freecol.common.i18n.Messages replaceChoices
WARNING: No tag found: {{}}abc   {{xyz}}def{{123|567}}
Apr 22, 2022 5:50:53 PM net.sf.freecol.common.model.Specification clean
INFO: Specification clean following load from InputStream complete, starting year=1492, season year=1600, ages=[1,109,309], seasons=2, difficulty=null, 266 Types, 80 Abilities, 41 BuildingTypes, 14 Disasters, 10 EuropeanNationTypes, 2 Events, 25 FoundingFathers, 21 GoodsTypes, 8 IndianNationTypes, 60 Modifiers, 25 Nations, 71 Options, 16 Option Groups, 12 ResourceTypes, 11 Roles, 23 TileTypes, 6 TileImprovementTypes, 13 UnitChangeTypes, 41 UnitTypes read.
Apr 22, 2022 5:50:53 PM net.sf.freecol.common.model.Specification clean
INFO: Specification clean following load from InputStream complete, starting year=1492, season year=1600, ages=[1,109,309], seasons=2, difficulty=null, 267 Types, 80 Abilities, 41 BuildingTypes, 14 Disasters, 10 EuropeanNationTypes, 2 Events, 25 FoundingFathers, 21 GoodsTypes, 8 IndianNationTypes, 60 Modifiers, 25 Nations, 71 Options, 16 Option Groups, 12 ResourceTypes, 11 Roles, 23 TileTypes, 6 TileImprovementTypes, 13 UnitChangeTypes, 42 UnitTypes read.
Apr 22, 2022 5:50:53 PM net.sf.freecol.common.model.Specification loadMods
INFO: Loaded mod example
Apr 22, 2022 5:50:53 PM net.sf.freecol.common.model.Specification clean
INFO: Specification clean following mod loading complete, starting year=1492, season year=1600, ages=[1,109,309], seasons=2, difficulty=null, 268 Types, 80 Abilities, 41 BuildingTypes, 14 Disasters, 10 EuropeanNationTypes, 2 Events, 25 FoundingFathers, 21 GoodsTypes, 8 IndianNationTypes, 60 Modifiers, 25 Nations, 71 Options, 16 Option Groups, 12 ResourceTypes, 11 Roles, 23 TileTypes, 6 TileImprovementTypes, 13 UnitChangeTypes, 43 UnitTypes read.
Apr 22, 2022 5:50:53 PM net.sf.freecol.common.model.Specification clean
INFO: Specification clean following load from InputStream complete, starting year=1492, season year=1600, ages=[1,109,309], seasons=2, difficulty=null, 268 Types, 80 Abilities, 41 BuildingTypes, 14 Disasters, 10 EuropeanNationTypes, 2 Events, 25 FoundingFathers, 21 GoodsTypes, 8 IndianNationTypes, 60 Modifiers, 25 Nations, 71 Options, 16 Option Groups, 12 ResourceTypes, 11 Roles, 23 TileTypes, 6 TileImprovementTypes, 13 UnitChangeTypes, 43 UnitTypes read.
Apr 22, 2022 5:50:53 PM net.sf.freecol.common.model.Specification clean
INFO: Specification clean following load from InputStream complete, starting year=1492, season year=1600, ages=[1,109,309], seasons=2, difficulty=null, 267 Types, 80 Abilities, 41 BuildingTypes, 14 Disasters, 10 EuropeanNationTypes, 2 Events, 25 FoundingFathers, 21 GoodsTypes, 8 IndianNationTypes, 60 Modifiers, 25 Nations, 71 Options, 16 Option Groups, 12 ResourceTypes, 11 Roles, 23 TileTypes, 6 TileImprovementTypes, 13 UnitChangeTypes, 42 UnitTypes read.
Apr 22, 2022 5:50:53 PM net.sf.freecol.common.model.Specification clean
INFO: Specification clean following load from InputStream complete, starting year=1492, season year=1600, ages=[1,109,309], seasons=2, difficulty=null, 255 Types, 79 Abilities, 41 BuildingTypes, 14 Disasters, 6 EuropeanNationTypes, 2 Events, 25 FoundingFathers, 21 GoodsTypes, 8 IndianNationTypes, 60 Modifiers, 17 Nations, 71 Options, 16 Option Groups, 12 ResourceTypes, 11 Roles, 23 TileTypes, 6 TileImprovementTypes, 13 UnitChangeTypes, 42 UnitTypes read.
Apr 22, 2022 5:50:53 PM net.sf.freecol.common.model.Unit setLocation
WARNING: Can not add [unit:798 dutch indianConvert 0/1] to [building:794 depot/New Amsterdam]
Apr 22, 2022 5:50:53 PM net.sf.freecol.common.model.Unit setLocation
WARNING: Can not add [unit:798 dutch indianConvert 0/1] to [building:795 country/New Amsterdam]
Apr 22, 2022 5:50:53 PM net.sf.freecol.common.model.Unit setLocation
WARNING: Can not add [unit:798 dutch indianConvert 0/1] to [building:793 chapel/New Amsterdam]
Apr 22, 2022 5:50:54 PM net.sf.freecol.server.FreeColServer startGame
INFO: Server starting game: PRE_GAME
Apr 22, 2022 5:50:54 PM net.sf.freecol.common.util.LogBuilder log
INFO: Combat attacker=unit:268-veteranSoldier-soldier [Modifier model.modifier.offence (model.source.baseOffence) ADDITIVE 0.0 index=10] [Modifier model.modifier.offence (model.role.soldier) ADDITIVE 2.0 index=30] [Modifier model.modifier.offence (model.unit.veteranSoldier) PERCENTAGE 50.0 index=40] [Modifier model.modifier.attackBonus (model.source.attackBonus) PERCENTAGE 50.0 index=50] = 4.5 defender=unit:250-brave [Modifier model.modifier.defence (model.source.baseDefence) ADDITIVE 1.0 index=10] [Modifier model.modifier.defence (model.settlement.inca.capital) PERCENTAGE 200.0 index=50] = 3.0 odds=0.6 random(1.0)=0.0 great=true Attack WIN SLAUGHTER_UNIT CAPTURE_CONVERT
Apr 22, 2022 5:50:54 PM net.sf.freecol.common.util.LogBuilder log
INFO: Destroying: goodsContainer:251 unit:250
Apr 22, 2022 5:50:54 PM net.sf.freecol.server.FreeColServer startGame
INFO: Server starting game: PRE_GAME
Apr 22, 2022 5:50:54 PM net.sf.freecol.common.util.LogBuilder log
INFO: Combat attacker=unit:349-kingsRegular-cavalry [Modifier model.modifier.offence (model.source.baseOffence) ADDITIVE 0.0 index=10] [Modifier model.modifier.offence (model.unit.kingsRegular) ADDITIVE 4.0 index=20] [Modifier model.modifier.offence (model.role.cavalry) ADDITIVE 3.0 index=30] [Modifier model.modifier.attackBonus (model.source.attackBonus) PERCENTAGE 50.0 index=50] = 10.5 defender=unit:350-colonialRegular-dragoon [Modifier model.modifier.defence (model.source.baseDefence) ADDITIVE 1.0 index=10] [Modifier model.modifier.defence (model.unit.colonialRegular) ADDITIVE 3.0 index=20] [Modifier model.modifier.defence (model.role.dragoon) ADDITIVE 2.0 index=30] = 6.0 odds=0.6363636363636364 random(1.0)=0.8500000238418579 great=false Attack LOSE LOSE_EQUIP
Apr 22, 2022 5:50:54 PM net.sf.freecol.server.model.ServerPlayer csChangeStance
INFO: Stance modification Louis XV PEACE -> WAR wrt Louis XIV
Apr 22, 2022 5:50:54 PM net.sf.freecol.server.model.ServerPlayer csChangeStance
INFO: Stance modification Louis XIV PEACE -> WAR wrt Louis XV (symmetric)
Apr 22, 2022 5:50:54 PM net.sf.freecol.common.util.LogBuilder log
INFO: Combat attacker=unit:350-colonialRegular-dragoon [Modifier model.modifier.offence (model.source.baseOffence) ADDITIVE 0.0 index=10] [Modifier model.modifier.offence (model.unit.colonialRegular) ADDITIVE 3.0 index=20] [Modifier model.modifier.offence (model.role.dragoon) ADDITIVE 3.0 index=30] [Modifier model.modifier.attackBonus (model.source.attackBonus) PERCENTAGE 50.0 index=50] = 9.0 defender=unit:349-kingsRegular-infantry [Modifier model.modifier.defence (model.source.baseDefence) ADDITIVE 1.0 index=10] [Modifier model.modifier.defence (model.unit.kingsRegular) ADDITIVE 4.0 index=20] [Modifier model.modifier.defence (model.role.infantry) ADDITIVE 1.0 index=30] = 6.0 odds=0.6 random(1.0)=0.20000000298023224 great=false Attack WIN SLAUGHTER_UNIT
Apr 22, 2022 5:50:54 PM net.sf.freecol.common.util.LogBuilder log
INFO: Combat attacker=unit:351-kingsRegular-cavalry [Modifier model.modifier.offence (model.source.baseOffence) ADDITIVE 0.0 index=10] [Modifier model.modifier.offence (model.unit.kingsRegular) ADDITIVE 4.0 index=20] [Modifier model.modifier.offence (model.role.cavalry) ADDITIVE 3.0 index=30] [Modifier model.modifier.attackBonus (model.source.attackBonus) PERCENTAGE 50.0 index=50] = 10.5 defender=unit:350-colonialRegular-dragoon [Modifier model.modifier.defence (model.source.baseDefence) ADDITIVE 1.0 index=10] [Modifier model.modifier.defence (model.unit.colonialRegular) ADDITIVE 3.0 index=20] [Modifier model.modifier.defence (model.role.dragoon) ADDITIVE 2.0 index=30] = 6.0 odds=0.6363636363636364 random(1.0)=0.20000000298023224 great=false Attack WIN LOSE_EQUIP
Apr 22, 2022 5:50:54 PM net.sf.freecol.common.util.LogBuilder log
INFO: Combat attacker=unit:351-kingsRegular-cavalry [Modifier model.modifier.offence (model.source.baseOffence) ADDITIVE 0.0 index=10] [Modifier model.modifier.offence (model.unit.kingsRegular) ADDITIVE 4.0 index=20] [Modifier model.modifier.offence (model.role.cavalry) ADDITIVE 3.0 index=30] [Modifier model.modifier.attackBonus (model.source.attackBonus) PERCENTAGE 50.0 index=50] = 10.5 defender=unit:350-colonialRegular-soldier [Modifier model.modifier.defence (model.source.baseDefence) ADDITIVE 1.0 index=10] [Modifier model.modifier.defence (model.unit.colonialRegular) ADDITIVE 3.0 index=20] [Modifier model.modifier.defence (model.role.soldier) ADDITIVE 1.0 index=30] = 5.0 odds=0.6774193548387096 random(1.0)=0.20000000298023224 great=false Attack WIN LOSE_EQUIP DEMOTE_UNIT
Apr 22, 2022 5:50:54 PM net.sf.freecol.common.util.LogBuilder log
INFO: Combat attacker=unit:351-kingsRegular-cavalry [Modifier model.modifier.offence (model.source.baseOffence) ADDITIVE 0.0 index=10] [Modifier model.modifier.offence (model.unit.kingsRegular) ADDITIVE 4.0 index=20] [Modifier model.modifier.offence (model.role.cavalry) ADDITIVE 3.0 index=30] [Modifier model.modifier.attackBonus (model.source.attackBonus) PERCENTAGE 50.0 index=50] = 10.5 defender=unit:350-veteranSoldier [Modifier model.modifier.defence (model.source.baseDefence) ADDITIVE 1.0 index=10] [Modifier model.modifier.defence (model.unit.veteranSoldier) PERCENTAGE 50.0 index=40] = 1.5 odds=0.875 random(1.0)=0.20000000298023224 great=false Attack WIN CAPTURE_UNIT
Apr 22, 2022 5:50:54 PM net.sf.freecol.common.util.LogBuilder log
INFO: Destroying: unit:775
Apr 22, 2022 5:50:54 PM net.sf.freecol.server.FreeColServer startGame
INFO: Server starting game: PRE_GAME
Apr 22, 2022 5:50:55 PM net.sf.freecol.common.model.Specification clean
INFO: Specification clean following load from InputStream complete, starting year=1492, season year=1600, ages=[1,109,309], seasons=2, difficulty=null, 255 Types, 79 Abilities, 41 BuildingTypes, 14 Disasters, 6 EuropeanNationTypes, 2 Events, 25 FoundingFathers, 21 GoodsTypes, 8 IndianNationTypes, 60 Modifiers, 17 Nations, 71 Options, 16 Option Groups, 12 ResourceTypes, 11 Roles, 23 TileTypes, 6 TileImprovementTypes, 13 UnitChangeTypes, 42 UnitTypes read.
Apr 22, 2022 5:50:55 PM net.sf.freecol.common.model.Specification clean
INFO: Specification clean following load from InputStream complete, starting year=1492, season year=1600, ages=[1,109,309], seasons=2, difficulty=model.difficulty.veryEasy, 255 Types, 79 Abilities, 41 BuildingTypes, 14 Disasters, 6 EuropeanNationTypes, 2 Events, 25 FoundingFathers, 21 GoodsTypes, 8 IndianNationTypes, 60 Modifiers, 17 Nations, 118 Options, 22 Option Groups, 12 ResourceTypes, 11 Roles, 23 TileTypes, 6 TileImprovementTypes, 13 UnitChangeTypes, 42 UnitTypes read.
Apr 22, 2022 5:50:55 PM net.sf.freecol.common.model.Specification clean
INFO: Specification clean following load from InputStream complete, starting year=1492, season year=1600, ages=[1,109,309], seasons=2, difficulty=null, 255 Types, 79 Abilities, 41 BuildingTypes, 14 Disasters, 6 EuropeanNationTypes, 2 Events, 25 FoundingFathers, 21 GoodsTypes, 8 IndianNationTypes, 60 Modifiers, 17 Nations, 71 Options, 16 Option Groups, 12 ResourceTypes, 11 Roles, 23 TileTypes, 6 TileImprovementTypes, 13 UnitChangeTypes, 42 UnitTypes read.
Apr 22, 2022 5:50:55 PM net.sf.freecol.common.model.Specification clean
INFO: Specification clean following load from InputStream complete, starting year=1492, season year=1600, ages=[1,109,309], seasons=2, difficulty=model.difficulty.veryEasy, 255 Types, 79 Abilities, 41 BuildingTypes, 14 Disasters, 6 EuropeanNationTypes, 2 Events, 25 FoundingFathers, 21 GoodsTypes, 8 IndianNationTypes, 60 Modifiers, 17 Nations, 118 Options, 22 Option Groups, 12 ResourceTypes, 11 Roles, 23 TileTypes, 6 TileImprovementTypes, 13 UnitChangeTypes, 42 UnitTypes read.
Apr 22, 2022 5:50:55 PM net.sf.freecol.common.util.LogBuilder log
INFO: Destroying: goodsContainer:776 goodsContainer:778 unit:777 indianSettlement:775
Apr 22, 2022 5:50:55 PM net.sf.freecol.common.util.LogBuilder log
INFO: Destroying: goodsContainer:782 goodsContainer:784 unit:783 indianSettlement:781
Apr 22, 2022 5:50:55 PM net.sf.freecol.common.util.LogBuilder log
INFO: Destroying: goodsContainer:786 goodsContainer:788 unit:787 indianSettlement:785
Apr 22, 2022 5:50:55 PM net.sf.freecol.common.util.LogBuilder log
INFO: Destroying: goodsContainer:790 goodsContainer:792 unit:791 indianSettlement:789
Apr 22, 2022 5:50:55 PM net.sf.freecol.common.model.Unit setLocation
WARNING: Can not add [unit:775 dutch merchantman 5/5] to [tile:641 plains 6,8]
Apr 22, 2022 5:50:55 PM net.sf.freecol.common.util.LogBuilder log
INFO: Destroying: goodsContainer:782 unit:781
Apr 22, 2022 5:50:55 PM net.sf.freecol.common.model.Unit setLocation
WARNING: Can not add [unit:775 dutch merchantman 5/5] to [tile:641 plains 6,8]
Apr 22, 2022 5:50:55 PM net.sf.freecol.common.model.Unit setLocation
WARNING: Can not add [unit:777 dutch galleon 6/6] to [tile:565 plains 10,4]
Apr 22, 2022 5:50:55 PM net.sf.freecol.common.model.Unit setLocation
WARNING: Can not add [unit:775 dutch frigate 6/6] to [tile:661 plains 6,9]
Apr 22, 2022 5:50:55 PM net.sf.freecol.server.FreeColServer startGame
INFO: Server starting game: PRE_GAME
Apr 22, 2022 5:50:55 PM net.sf.freecol.common.model.LandMap <init>
INFO: Using land generator model.option.landGeneratorType.classic to make 40x100 map with distance-to-edge=5 and min-tile#=1000
Autosave directory null is broken, replacing with null
Apr 22, 2022 5:50:55 PM net.sf.freecol.server.FreeColServer readGame
INFO: Found savegame version 14
Apr 22, 2022 5:50:55 PM net.sf.freecol.common.model.Specification clean
INFO: Specification clean following load from stream complete, starting year=1492, season year=1600, ages=[1,109,309], seasons=2, difficulty=model.difficulty.medium, 267 Types, 80 Abilities, 41 BuildingTypes, 14 Disasters, 10 EuropeanNationTypes, 2 Events, 25 FoundingFathers, 21 GoodsTypes, 8 IndianNationTypes, 59 Modifiers, 25 Nations, 167 Options, 23 Option Groups, 12 ResourceTypes, 11 Roles, 23 TileTypes, 6 TileImprovementTypes, 13 UnitChangeTypes, 42 UnitTypes read.
Apr 22, 2022 5:50:55 PM net.sf.freecol.common.model.HighSeas addDestination
WARNING: highSeas:75 already included destination map:247
Apr 22, 2022 5:50:55 PM net.sf.freecol.common.model.HighSeas addDestination
WARNING: highSeas:96 already included destination map:247
Apr 22, 2022 5:50:55 PM net.sf.freecol.common.model.HighSeas addDestination
WARNING: highSeas:135 already included destination map:247
Apr 22, 2022 5:50:55 PM net.sf.freecol.common.model.HighSeas addDestination
WARNING: highSeas:210 already included destination map:247
Apr 22, 2022 5:50:55 PM net.sf.freecol.server.FreeColServer loadGame
INFO: Game integrity test succeeded.
Apr 22, 2022 5:50:55 PM net.sf.freecol.server.FreeColServer loadGame
INFO: AI integrity test succeeded.
Apr 22, 2022 5:50:55 PM net.sf.freecol.server.FreeColServer startGame
INFO: Server starting game: PRE_GAME
Apr 22, 2022 5:50:55 PM net.sf.freecol.common.model.LandMap <init>
INFO: Using land generator model.option.landGeneratorType.classic to make 40x100 map with distance-to-edge=5 and min-tile#=1000
Autosave directory null is broken, replacing with null
Apr 22, 2022 5:50:56 PM net.sf.freecol.server.FreeColServer readGame
INFO: Found savegame version 14
Apr 22, 2022 5:50:56 PM net.sf.freecol.common.model.Specification clean
INFO: Specification clean following load from stream complete, starting year=1492, season year=1600, ages=[1,109,309], seasons=2, difficulty=model.difficulty.medium, 267 Types, 80 Abilities, 41 BuildingTypes, 14 Disasters, 10 EuropeanNationTypes, 2 Events, 25 FoundingFathers, 21 GoodsTypes, 8 IndianNationTypes, 59 Modifiers, 25 Nations, 167 Options, 23 Option Groups, 12 ResourceTypes, 11 Roles, 23 TileTypes, 6 TileImprovementTypes, 13 UnitChangeTypes, 42 UnitTypes read.
Apr 22, 2022 5:50:56 PM net.sf.freecol.common.model.HighSeas addDestination
WARNING: highSeas:75 already included destination map:247
Apr 22, 2022 5:50:56 PM net.sf.freecol.common.model.HighSeas addDestination
WARNING: highSeas:96 already included destination map:247
Apr 22, 2022 5:50:56 PM net.sf.freecol.common.model.HighSeas addDestination
WARNING: highSeas:135 already included destination map:247
Apr 22, 2022 5:50:56 PM net.sf.freecol.common.model.HighSeas addDestination
WARNING: highSeas:210 already included destination map:247
Apr 22, 2022 5:50:56 PM net.sf.freecol.server.FreeColServer loadGame
INFO: Game integrity test succeeded.
Apr 22, 2022 5:50:56 PM net.sf.freecol.server.FreeColServer loadGame
INFO: AI integrity test succeeded.
Apr 22, 2022 5:50:56 PM net.sf.freecol.server.FreeColServer startGame
INFO: Server starting game: PRE_GAME
Apr 22, 2022 5:50:56 PM net.sf.freecol.common.model.LandMap <init>
INFO: Using land generator model.option.landGeneratorType.classic to make 40x100 map with distance-to-edge=5 and min-tile#=1000
Autosave directory null is broken, replacing with null
Apr 22, 2022 5:50:56 PM net.sf.freecol.server.FreeColServer startGame
INFO: Server starting game: PRE_GAME
Apr 22, 2022 5:50:56 PM net.sf.freecol.server.FreeColServer readGame
INFO: Found savegame version 14
Apr 22, 2022 5:50:56 PM net.sf.freecol.common.model.Specification clean
INFO: Specification clean following load from stream complete, starting year=1492, season year=1600, ages=[1,109,309], seasons=2, difficulty=model.difficulty.medium, 267 Types, 80 Abilities, 41 BuildingTypes, 14 Disasters, 10 EuropeanNationTypes, 2 Events, 25 FoundingFathers, 21 GoodsTypes, 8 IndianNationTypes, 59 Modifiers, 25 Nations, 167 Options, 23 Option Groups, 12 ResourceTypes, 11 Roles, 23 TileTypes, 6 TileImprovementTypes, 13 UnitChangeTypes, 42 UnitTypes read.
Apr 22, 2022 5:50:56 PM net.sf.freecol.common.model.HighSeas addDestination
WARNING: highSeas:75 already included destination map:247
Apr 22, 2022 5:50:56 PM net.sf.freecol.common.model.HighSeas addDestination
WARNING: highSeas:96 already included destination map:247
Apr 22, 2022 5:50:56 PM net.sf.freecol.common.model.HighSeas addDestination
WARNING: highSeas:135 already included destination map:247
Apr 22, 2022 5:50:56 PM net.sf.freecol.common.model.HighSeas addDestination
WARNING: highSeas:210 already included destination map:247
Apr 22, 2022 5:50:56 PM net.sf.freecol.server.FreeColServer readGame
INFO: Read file test/data/test.fsg
Autosave directory null is broken, replacing with null
Apr 22, 2022 5:50:56 PM net.sf.freecol.server.FreeColServer startGame
INFO: Server starting game: PRE_GAME
Apr 22, 2022 5:50:56 PM net.sf.freecol.server.FreeColServer startGame
INFO: Server starting game: PRE_GAME
Apr 22, 2022 5:50:56 PM net.sf.freecol.server.FreeColServer startGame
INFO: Server starting game: PRE_GAME
Apr 22, 2022 5:50:56 PM net.sf.freecol.server.FreeColServer startGame
INFO: Server starting game: PRE_GAME
Apr 22, 2022 5:50:56 PM net.sf.freecol.server.FreeColServer startGame
INFO: Server starting game: PRE_GAME
Apr 22, 2022 5:50:56 PM net.sf.freecol.server.model.ServerPlayer csChangeStance
INFO: Stance modification Louis XIV UNCONTACTED -> PEACE wrt Geronimo
Apr 22, 2022 5:50:56 PM net.sf.freecol.server.model.ServerPlayer csChangeStance
INFO: Stance modification Geronimo UNCONTACTED -> PEACE wrt Louis XIV (symmetric)
Apr 22, 2022 5:50:56 PM net.sf.freecol.server.FreeColServer startGame
INFO: Server starting game: PRE_GAME
Apr 22, 2022 5:50:56 PM net.sf.freecol.server.model.ServerPlayer csChangeStance
INFO: Stance modification William I UNCONTACTED -> PEACE wrt Geronimo
Apr 22, 2022 5:50:56 PM net.sf.freecol.server.model.ServerPlayer csChangeStance
INFO: Stance modification Geronimo UNCONTACTED -> PEACE wrt William I (symmetric)
Apr 22, 2022 5:50:56 PM net.sf.freecol.server.FreeColServer startGame
INFO: Server starting game: PRE_GAME
Apr 22, 2022 5:50:56 PM net.sf.freecol.server.FreeColServer startGame
INFO: Server starting game: PRE_GAME
Apr 22, 2022 5:50:56 PM net.sf.freecol.server.FreeColServer startGame
INFO: Server starting game: PRE_GAME
Apr 22, 2022 5:50:56 PM net.sf.freecol.server.FreeColServer startGame
INFO: Server starting game: PRE_GAME
Apr 22, 2022 5:50:56 PM net.sf.freecol.server.model.ServerPlayer csChangeStance
INFO: Stance modification William I UNCONTACTED -> PEACE wrt Segoyewatha
Apr 22, 2022 5:50:56 PM net.sf.freecol.server.model.ServerPlayer csChangeStance
INFO: Stance modification Segoyewatha UNCONTACTED -> PEACE wrt William I (symmetric)
Apr 22, 2022 5:50:56 PM net.sf.freecol.server.FreeColServer startGame
INFO: Server starting game: PRE_GAME
Apr 22, 2022 5:50:56 PM net.sf.freecol.server.model.ServerPlayer csChangeStance
INFO: Stance modification William I UNCONTACTED -> PEACE wrt Segoyewatha
Apr 22, 2022 5:50:56 PM net.sf.freecol.server.model.ServerPlayer csChangeStance
INFO: Stance modification Segoyewatha UNCONTACTED -> PEACE wrt William I (symmetric)
Apr 22, 2022 5:50:56 PM net.sf.freecol.server.FreeColServer startGame
INFO: Server starting game: PRE_GAME
Apr 22, 2022 5:50:56 PM net.sf.freecol.server.FreeColServer startGame
INFO: Server starting game: PRE_GAME
Apr 22, 2022 5:50:56 PM net.sf.freecol.server.FreeColServer startGame
INFO: Server starting game: PRE_GAME
Apr 22, 2022 5:50:56 PM net.sf.freecol.server.FreeColServer startGame
INFO: Server starting game: PRE_GAME
Apr 22, 2022 5:50:56 PM net.sf.freecol.server.FreeColServer startGame
INFO: Server starting game: PRE_GAME
Apr 22, 2022 5:50:56 PM net.sf.freecol.server.FreeColServer startGame
INFO: Server starting game: PRE_GAME
Apr 22, 2022 5:50:56 PM net.sf.freecol.server.FreeColServer startGame
INFO: Server starting game: PRE_GAME
Apr 22, 2022 5:50:56 PM net.sf.freecol.server.FreeColServer startGame
INFO: Server starting game: PRE_GAME
Apr 22, 2022 5:50:56 PM net.sf.freecol.server.FreeColServer startGame
INFO: Server starting game: PRE_GAME
Apr 22, 2022 5:50:56 PM net.sf.freecol.server.FreeColServer startGame
INFO: Server starting game: PRE_GAME
Apr 22, 2022 5:50:56 PM net.sf.freecol.server.FreeColServer startGame
INFO: Server starting game: PRE_GAME
Apr 22, 2022 5:50:56 PM net.sf.freecol.common.model.Monarch addToREF
INFO: Add to dutch REF: capacity=66 spaceRequired=61 => 1 model.unit.artillery (model.role.default)
Apr 22, 2022 5:50:56 PM net.sf.freecol.common.model.Monarch addToREF
INFO: Add to dutch REF: capacity=72 spaceRequired=61 => 1 model.unit.manOWar (model.role.default)
Apr 22, 2022 5:50:56 PM net.sf.freecol.server.FreeColServer startGame
INFO: Server starting game: PRE_GAME
Apr 22, 2022 5:50:56 PM net.sf.freecol.server.FreeColServer startGame
INFO: Server starting game: PRE_GAME
Apr 22, 2022 5:50:56 PM net.sf.freecol.server.FreeColServer startGame
INFO: Server starting game: PRE_GAME
Apr 22, 2022 5:50:56 PM net.sf.freecol.server.FreeColServer startGame
INFO: Server starting game: PRE_GAME
Apr 22, 2022 5:50:56 PM net.sf.freecol.server.FreeColServer startGame
INFO: Server starting game: PRE_GAME
Apr 22, 2022 5:50:56 PM net.sf.freecol.server.FreeColServer startGame
INFO: Server starting game: PRE_GAME
Apr 22, 2022 5:50:56 PM net.sf.freecol.server.FreeColServer startGame
INFO: Server starting game: PRE_GAME
Apr 22, 2022 5:50:56 PM net.sf.freecol.server.FreeColServer startGame
INFO: Server starting game: PRE_GAME
Apr 22, 2022 5:50:56 PM net.sf.freecol.server.FreeColServer startGame
INFO: Server starting game: PRE_GAME
Apr 22, 2022 5:50:56 PM net.sf.freecol.common.model.Player clientError
WARNING: Received: move out of turn from player: model.nation.dutch
Apr 22, 2022 5:50:56 PM net.sf.freecol.server.FreeColServer startGame
INFO: Server starting game: PRE_GAME
Apr 22, 2022 5:50:56 PM net.sf.freecol.common.model.Player clientError
WARNING: Received: move out of turn from player: model.nation.dutch
Apr 22, 2022 5:50:56 PM net.sf.freecol.server.FreeColServer startGame
INFO: Server starting game: PRE_GAME
Apr 22, 2022 5:50:56 PM net.sf.freecol.common.model.Player clientError
WARNING: Received: move out of turn from player: model.nation.dutch
Apr 22, 2022 5:50:56 PM net.sf.freecol.server.FreeColServer startGame
INFO: Server starting game: PRE_GAME
Apr 22, 2022 5:50:56 PM net.sf.freecol.common.util.LogBuilder log
INFO: Combat attacker=unit:250-privateer [Modifier model.modifier.offence (model.source.baseOffence) ADDITIVE 8.0 index=10] [Modifier model.modifier.attackBonus (model.source.attackBonus) PERCENTAGE 50.0 index=50] = 12.0 defender=unit:247-galleon [Modifier model.modifier.defence (model.source.baseDefence) ADDITIVE 10.0 index=10] = 10.0 odds=0.5454545454545454 random(1.0)=0.5254545211791992 great=false Attack WIN DAMAGE_SHIP_ATTACK
Apr 22, 2022 5:50:56 PM net.sf.freecol.common.util.LogBuilder log
INFO: Destroying: unit:249
Apr 22, 2022 5:50:56 PM net.sf.freecol.server.ai.AIPlayer nationSummaryHandler
INFO: Updated nation summary of player:94 for AI player:73
Apr 22, 2022 5:50:56 PM net.sf.freecol.server.ai.AIPlayer nationSummaryHandler
INFO: Updated nation summary of player:133 for AI player:73
Apr 22, 2022 5:50:56 PM net.sf.freecol.server.ai.AIPlayer nationSummaryHandler
INFO: Updated nation summary of player:208 for AI player:73
Apr 22, 2022 5:50:56 PM net.sf.freecol.server.FreeColServer startGame
INFO: Server starting game: PRE_GAME
Apr 22, 2022 5:50:56 PM net.sf.freecol.server.FreeColServer startGame
INFO: Server starting game: PRE_GAME
Apr 22, 2022 5:50:56 PM net.sf.freecol.server.FreeColServer startGame
INFO: Server starting game: PRE_GAME
Apr 22, 2022 5:50:56 PM net.sf.freecol.server.model.ServerPlayer csChangeStance
INFO: Stance modification William I PEACE -> WAR wrt Atahualpa
Apr 22, 2022 5:50:56 PM net.sf.freecol.server.model.ServerPlayer csChangeStance
INFO: Stance modification Atahualpa PEACE -> WAR wrt William I (symmetric)
Apr 22, 2022 5:50:56 PM net.sf.freecol.server.FreeColServer startGame
INFO: Server starting game: PRE_GAME
Apr 22, 2022 5:50:56 PM net.sf.freecol.server.model.ServerPlayer csChangeStance
INFO: Stance modification William I UNCONTACTED -> WAR wrt Louis XIV
Apr 22, 2022 5:50:56 PM net.sf.freecol.server.model.ServerPlayer csChangeStance
INFO: Stance modification Louis XIV UNCONTACTED -> WAR wrt William I (symmetric)
Apr 22, 2022 5:50:56 PM net.sf.freecol.common.util.LogBuilder log
INFO: Combat attacker=unit:247-artillery [Modifier model.modifier.offence (model.source.baseOffence) ADDITIVE 7.0 index=10] [Modifier model.modifier.artilleryInTheOpen (model.source.artilleryInTheOpen) PERCENTAGE -75.0 index=50] [Modifier model.modifier.attackBonus (model.source.attackBonus) PERCENTAGE 50.0 index=50] = 2.625 defender=unit:248-freeColonist-soldier [Modifier model.modifier.defence (model.source.baseDefence) ADDITIVE 1.0 index=10] [Modifier model.modifier.defence (model.role.soldier) ADDITIVE 1.0 index=30] = 2.0 odds=0.5675675675675675 random(1.0)=0.5875675678253174 great=false Attack LOSE DEMOTE_UNIT
Apr 22, 2022 5:50:56 PM net.sf.freecol.common.util.LogBuilder log
INFO: Combat attacker=unit:247-damagedArtillery [Modifier model.modifier.offence (model.source.baseOffence) ADDITIVE 5.0 index=10] [Modifier model.modifier.artilleryInTheOpen (model.source.artilleryInTheOpen) PERCENTAGE -75.0 index=50] [Modifier model.modifier.attackBonus (model.source.attackBonus) PERCENTAGE 50.0 index=50] = 1.875 defender=unit:248-freeColonist-soldier [Modifier model.modifier.defence (model.source.baseDefence) ADDITIVE 1.0 index=10] [Modifier model.modifier.defence (model.role.soldier) ADDITIVE 1.0 index=30] = 2.0 odds=0.4838709677419355 random(1.0)=0.503870964050293 great=false Attack LOSE SLAUGHTER_UNIT
Apr 22, 2022 5:50:56 PM net.sf.freecol.common.util.LogBuilder log
INFO: Destroying: unit:247
Apr 22, 2022 5:50:56 PM net.sf.freecol.server.FreeColServer startGame
INFO: Server starting game: PRE_GAME
Apr 22, 2022 5:50:56 PM net.sf.freecol.server.model.ServerPlayer csChangeStance
INFO: Stance modification William I WAR -> PEACE wrt Louis XIV
Apr 22, 2022 5:50:56 PM net.sf.freecol.server.model.ServerPlayer csChangeStance
INFO: Stance modification Louis XIV WAR -> PEACE wrt William I (symmetric)
Apr 22, 2022 5:50:56 PM net.sf.freecol.server.FreeColServer startGame
INFO: Server starting game: PRE_GAME
Apr 22, 2022 5:50:56 PM net.sf.freecol.server.model.ServerPlayer csChangeStance
INFO: Stance modification William I UNCONTACTED -> WAR wrt Louis XIV
Apr 22, 2022 5:50:56 PM net.sf.freecol.server.model.ServerPlayer csChangeStance
INFO: Stance modification Louis XIV UNCONTACTED -> WAR wrt William I (symmetric)
Apr 22, 2022 5:50:56 PM net.sf.freecol.common.util.LogBuilder log
INFO: Combat attacker=unit:248-veteranSoldier-soldier [Modifier model.modifier.offence (model.source.baseOffence) ADDITIVE 0.0 index=10] [Modifier model.modifier.offence (model.role.soldier) ADDITIVE 2.0 index=30] [Modifier model.modifier.offence (model.unit.veteranSoldier) PERCENTAGE 50.0 index=40] [Modifier model.modifier.attackBonus (model.source.attackBonus) PERCENTAGE 50.0 index=50] = 4.5 defender=unit:247-freeColonist-scout [Modifier model.modifier.defence (model.source.baseDefence) ADDITIVE 1.0 index=10] [Modifier model.modifier.defence (model.role.scout) ADDITIVE 1.0 index=30] = 2.0 odds=0.6923076923076923 random(1.0)=0.6723076701164246 great=false Attack WIN SLAUGHTER_UNIT
Apr 22, 2022 5:50:56 PM net.sf.freecol.common.util.LogBuilder log
INFO: Destroying: unit:247
Apr 22, 2022 5:50:56 PM net.sf.freecol.server.FreeColServer startGame
INFO: Server starting game: PRE_GAME
Apr 22, 2022 5:50:56 PM net.sf.freecol.server.model.ServerPlayer csChangeStance
INFO: Stance modification William I UNCONTACTED -> WAR wrt Atahualpa
Apr 22, 2022 5:50:56 PM net.sf.freecol.server.model.ServerPlayer csChangeStance
INFO: Stance modification Atahualpa UNCONTACTED -> WAR wrt William I (symmetric)
Apr 22, 2022 5:50:56 PM net.sf.freecol.common.util.LogBuilder log
INFO: Combat attacker=unit:259-freeColonist-dragoon [Modifier model.modifier.offence (model.source.baseOffence) ADDITIVE 0.0 index=10] [Modifier model.modifier.offence (model.role.dragoon) ADDITIVE 3.0 index=30] [Modifier model.modifier.attackBonus (model.source.attackBonus) PERCENTAGE 50.0 index=50] = 4.5 defender=unit:260-brave [Modifier model.modifier.defence (model.source.baseDefence) ADDITIVE 1.0 index=10] = 1.0 odds=0.8181818181818182 random(1.0)=0.8381817936897278 great=false Attack LOSE CAPTURE_EQUIP
Apr 22, 2022 5:50:56 PM net.sf.freecol.common.util.LogBuilder log
INFO: Combat attacker=unit:259-freeColonist-soldier [Modifier model.modifier.offence (model.source.baseOffence) ADDITIVE 0.0 index=10] [Modifier model.modifier.offence (model.role.soldier) ADDITIVE 2.0 index=30] [Modifier model.modifier.attackBonus (model.source.attackBonus) PERCENTAGE 50.0 index=50] = 3.0 defender=unit:260-brave-mountedBrave [Modifier model.modifier.defence (model.source.baseDefence) ADDITIVE 1.0 index=10] [Modifier model.modifier.defence (model.role.mountedBrave) ADDITIVE 1.0 index=30] = 2.0 odds=0.6 random(1.0)=0.6200000047683716 great=false Attack LOSE CAPTURE_EQUIP
Apr 22, 2022 5:50:56 PM net.sf.freecol.common.util.LogBuilder log
INFO: Combat attacker=unit:259-freeColonist [Modifier model.modifier.offence (model.source.baseOffence) ADDITIVE 0.0 index=10] [Modifier model.modifier.attackBonus (model.source.attackBonus) PERCENTAGE 50.0 index=50] = 0.0 defender=unit:260-brave-nativeDragoon [Modifier model.modifier.defence (model.source.baseDefence) ADDITIVE 1.0 index=10] [Modifier model.modifier.defence (model.role.nativeDragoon) ADDITIVE 2.0 index=30] = 3.0 odds=0.0 random(1.0)=0.019999999552965164 great=false Attack LOSE SLAUGHTER_UNIT
Apr 22, 2022 5:50:56 PM net.sf.freecol.common.util.LogBuilder log
INFO: Destroying: unit:259
Apr 22, 2022 5:50:56 PM net.sf.freecol.server.FreeColServer startGame
INFO: Server starting game: PRE_GAME
Apr 22, 2022 5:50:56 PM net.sf.freecol.server.model.ServerPlayer csChangeStance
INFO: Stance modification William I WAR -> CEASE_FIRE wrt Louis XIV
Apr 22, 2022 5:50:56 PM net.sf.freecol.server.model.ServerPlayer csChangeStance
INFO: Stance modification Louis XIV WAR -> CEASE_FIRE wrt William I (symmetric)
Apr 22, 2022 5:50:56 PM net.sf.freecol.server.FreeColServer startGame
INFO: Server starting game: PRE_GAME
Apr 22, 2022 5:50:56 PM net.sf.freecol.server.model.ServerPlayer csChangeStance
INFO: Stance modification Louis XIV PEACE -> WAR wrt William I
Apr 22, 2022 5:50:56 PM net.sf.freecol.server.model.ServerPlayer csChangeStance
INFO: Stance modification William I PEACE -> WAR wrt Louis XIV (symmetric)
Apr 22, 2022 5:50:56 PM net.sf.freecol.server.FreeColServer startGame
INFO: Server starting game: PRE_GAME
Apr 22, 2022 5:50:56 PM net.sf.freecol.server.model.ServerPlayer csChangeStance
INFO: Stance modification Louis XIV UNCONTACTED -> WAR wrt William I
Apr 22, 2022 5:50:56 PM net.sf.freecol.server.model.ServerPlayer csChangeStance
INFO: Stance modification William I UNCONTACTED -> WAR wrt Louis XIV (symmetric)
Apr 22, 2022 5:50:56 PM net.sf.freecol.common.util.LogBuilder log
INFO: Combat attacker=unit:272-veteranSoldier-dragoon [Modifier model.modifier.offence (model.source.baseOffence) ADDITIVE 0.0 index=10] [Modifier model.modifier.offence (model.role.dragoon) ADDITIVE 3.0 index=30] [Modifier model.modifier.offence (model.unit.veteranSoldier) PERCENTAGE 50.0 index=40] [Modifier model.modifier.attackBonus (model.source.attackBonus) PERCENTAGE 50.0 index=50] = 6.75 defender=unit:271-veteranSoldier-dragoon [Modifier model.modifier.defence (model.source.baseDefence) ADDITIVE 1.0 index=10] [Modifier model.modifier.defence (model.role.dragoon) ADDITIVE 2.0 index=30] [Modifier model.modifier.defence (model.unit.veteranSoldier) PERCENTAGE 50.0 index=40] [Modifier model.modifier.defence (model.settlement.colony) PERCENTAGE 50.0 index=50] = 6.75 odds=0.5 random(1.0)=0.47999998927116394 great=false Attack WIN LOSE_EQUIP
Apr 22, 2022 5:50:56 PM net.sf.freecol.common.util.LogBuilder log
INFO: Combat attacker=unit:272-veteranSoldier-dragoon [Modifier model.modifier.offence (model.source.baseOffence) ADDITIVE 0.0 index=10] [Modifier model.modifier.offence (model.role.dragoon) ADDITIVE 3.0 index=30] [Modifier model.modifier.offence (model.unit.veteranSoldier) PERCENTAGE 50.0 index=40] [Modifier model.modifier.attackBonus (model.source.attackBonus) PERCENTAGE 50.0 index=50] = 6.75 defender=unit:271-veteranSoldier-soldier [Modifier model.modifier.defence (model.source.baseDefence) ADDITIVE 1.0 index=10] [Modifier model.modifier.defence (model.role.soldier) ADDITIVE 1.0 index=30] [Modifier model.modifier.defence (model.unit.veteranSoldier) PERCENTAGE 50.0 index=40] [Modifier model.modifier.defence (model.settlement.colony) PERCENTAGE 50.0 index=50] = 4.5 odds=0.6 random(1.0)=0.6200000047683716 great=false Attack LOSE LOSE_EQUIP
Apr 22, 2022 5:50:56 PM net.sf.freecol.common.util.LogBuilder log
INFO: Combat attacker=unit:272-veteranSoldier-soldier [Modifier model.modifier.offence (model.source.baseOffence) ADDITIVE 0.0 index=10] [Modifier model.modifier.offence (model.role.soldier) ADDITIVE 2.0 index=30] [Modifier model.modifier.offence (model.unit.veteranSoldier) PERCENTAGE 50.0 index=40] [Modifier model.modifier.attackBonus (model.source.attackBonus) PERCENTAGE 50.0 index=50] = 4.5 defender=unit:271-veteranSoldier-soldier [Modifier model.modifier.defence (model.source.baseDefence) ADDITIVE 1.0 index=10] [Modifier model.modifier.defence (model.role.soldier) ADDITIVE 1.0 index=30] [Modifier model.modifier.defence (model.unit.veteranSoldier) PERCENTAGE 50.0 index=40] [Modifier model.modifier.defence (model.settlement.colony) PERCENTAGE 50.0 index=50] = 4.5 odds=0.5 random(1.0)=0.47999998927116394 great=false Attack WIN LOSE_EQUIP
Apr 22, 2022 5:50:56 PM net.sf.freecol.common.util.LogBuilder log
INFO: Combat attacker=unit:272-veteranSoldier-soldier [Modifier model.modifier.offence (model.source.baseOffence) ADDITIVE 0.0 index=10] [Modifier model.modifier.offence (model.role.soldier) ADDITIVE 2.0 index=30] [Modifier model.modifier.offence (model.unit.veteranSoldier) PERCENTAGE 50.0 index=40] [Modifier model.modifier.attackBonus (model.source.attackBonus) PERCENTAGE 50.0 index=50] = 4.5 defender=unit:271-veteranSoldier [Modifier model.modifier.defence (model.source.baseDefence) ADDITIVE 1.0 index=10] [Modifier model.modifier.defence (model.unit.veteranSoldier) PERCENTAGE 50.0 index=40] [Modifier model.modifier.defence (model.settlement.colony) PERCENTAGE 50.0 index=50] = 2.25 odds=0.6666666666666666 random(1.0)=0.6466666460037231 great=false Attack WIN CAPTURE_COLONY
Apr 22, 2022 5:50:56 PM net.sf.freecol.server.FreeColServer startGame
INFO: Server starting game: PRE_GAME
Apr 22, 2022 5:50:56 PM net.sf.freecol.server.model.ServerPlayer csChangeStance
INFO: Stance modification William I UNCONTACTED -> WAR wrt Louis XIV
Apr 22, 2022 5:50:56 PM net.sf.freecol.server.model.ServerPlayer csChangeStance
INFO: Stance modification Louis XIV UNCONTACTED -> WAR wrt William I (symmetric)
Apr 22, 2022 5:50:56 PM net.sf.freecol.common.util.LogBuilder log
INFO: Combat attacker=unit:247-freeColonist-dragoon [Modifier model.modifier.offence (model.source.baseOffence) ADDITIVE 0.0 index=10] [Modifier model.modifier.offence (model.role.dragoon) ADDITIVE 3.0 index=30] [Modifier model.modifier.attackBonus (model.source.attackBonus) PERCENTAGE 50.0 index=50] = 4.5 defender=unit:248-freeColonist-soldier [Modifier model.modifier.defence (model.source.baseDefence) ADDITIVE 1.0 index=10] [Modifier model.modifier.defence (model.role.soldier) ADDITIVE 1.0 index=30] = 2.0 odds=0.6923076923076923 random(1.0)=0.7123076915740967 great=false Attack LOSE LOSE_EQUIP
Apr 22, 2022 5:50:56 PM net.sf.freecol.common.util.LogBuilder log
INFO: Combat attacker=unit:247-freeColonist-soldier [Modifier model.modifier.offence (model.source.baseOffence) ADDITIVE 0.0 index=10] [Modifier model.modifier.offence (model.role.soldier) ADDITIVE 2.0 index=30] [Modifier model.modifier.attackBonus (model.source.attackBonus) PERCENTAGE 50.0 index=50] = 3.0 defender=unit:248-freeColonist-soldier [Modifier model.modifier.defence (model.source.baseDefence) ADDITIVE 1.0 index=10] [Modifier model.modifier.defence (model.role.soldier) ADDITIVE 1.0 index=30] = 2.0 odds=0.6 random(1.0)=0.6200000047683716 great=false Attack LOSE LOSE_EQUIP
Apr 22, 2022 5:50:56 PM net.sf.freecol.common.util.LogBuilder log
INFO: Combat attacker=unit:248-freeColonist-soldier [Modifier model.modifier.offence (model.source.baseOffence) ADDITIVE 0.0 index=10] [Modifier model.modifier.offence (model.role.soldier) ADDITIVE 2.0 index=30] [Modifier model.modifier.attackBonus (model.source.attackBonus) PERCENTAGE 50.0 index=50] = 3.0 defender=unit:247-freeColonist [Modifier model.modifier.defence (model.source.baseDefence) ADDITIVE 1.0 index=10] = 1.0 odds=0.75 random(1.0)=0.7300000190734863 great=false Attack WIN CAPTURE_UNIT
Apr 22, 2022 5:50:56 PM net.sf.freecol.server.FreeColServer startGame
INFO: Server starting game: PRE_GAME
Apr 22, 2022 5:50:56 PM net.sf.freecol.server.FreeColServer startGame
INFO: Server starting game: PRE_GAME
Apr 22, 2022 5:50:56 PM net.sf.freecol.common.model.Player clientError
WARNING: Too few goods
Apr 22, 2022 5:50:56 PM net.sf.freecol.server.FreeColServer startGame
INFO: Server starting game: PRE_GAME
Apr 22, 2022 5:50:56 PM net.sf.freecol.server.model.ServerPlayer csChangeStance
INFO: Stance modification Louis XIV UNCONTACTED -> WAR wrt William I
Apr 22, 2022 5:50:56 PM net.sf.freecol.server.model.ServerPlayer csChangeStance
INFO: Stance modification William I UNCONTACTED -> WAR wrt Louis XIV (symmetric)
Apr 22, 2022 5:50:56 PM net.sf.freecol.common.util.LogBuilder log
INFO: Combat attacker=unit:249-privateer [Modifier model.modifier.offence (model.source.baseOffence) ADDITIVE 8.0 index=10] [Modifier model.modifier.attackBonus (model.source.attackBonus) PERCENTAGE 50.0 index=50] = 12.0 defender=unit:247-galleon [Modifier model.modifier.defence (model.source.baseDefence) ADDITIVE 10.0 index=10] [Modifier model.modifier.cargoPenalty (model.source.cargoPenalty) PERCENTAGE -12.5 index=50] = 8.75 odds=0.5783132530120482 random(1.0)=0.558313250541687 great=false Attack WIN LOOT_SHIP DAMAGE_SHIP_ATTACK
Apr 22, 2022 5:50:56 PM net.sf.freecol.server.FreeColServer startGame
INFO: Server starting game: PRE_GAME
Apr 22, 2022 5:50:56 PM net.sf.freecol.server.FreeColServer startGame
INFO: Server starting game: PRE_GAME
Apr 22, 2022 5:50:56 PM net.sf.freecol.server.model.ServerPlayer csChangeStance
INFO: Stance modification Guaira PEACE -> WAR wrt William I
Apr 22, 2022 5:50:56 PM net.sf.freecol.server.model.ServerPlayer csChangeStance
INFO: Stance modification William I PEACE -> WAR wrt Guaira (symmetric)
Apr 22, 2022 5:50:56 PM net.sf.freecol.server.model.ServerPlayer csChangeStance
INFO: Stance modification William I WAR -> PEACE wrt Guaira
Apr 22, 2022 5:50:56 PM net.sf.freecol.server.model.ServerPlayer csChangeStance
INFO: Stance modification Guaira WAR -> PEACE wrt William I (symmetric)
Apr 22, 2022 5:50:56 PM net.sf.freecol.server.FreeColServer startGame
INFO: Server starting game: PRE_GAME
Apr 22, 2022 5:50:56 PM net.sf.freecol.common.util.LogBuilder log
INFO: Combat attacker=unit:248-veteranSoldier-dragoon [Modifier model.modifier.offence (model.source.baseOffence) ADDITIVE 0.0 index=10] [Modifier model.modifier.offence (model.role.dragoon) ADDITIVE 3.0 index=30] [Modifier model.modifier.offence (model.unit.veteranSoldier) PERCENTAGE 50.0 index=40] [Modifier model.modifier.attackBonus (model.source.attackBonus) PERCENTAGE 50.0 index=50] [Modifier model.modifier.bigMovementPenalty (model.source.movementPenalty) PERCENTAGE -66.0 index=50] = 2.2950000762939453 defender=unit:247-freeColonist-pioneer.5 [Modifier model.modifier.defence (model.source.baseDefence) ADDITIVE 1.0 index=10] = 1.0 odds=0.6965098704565885 random(1.0)=0.6765098571777344 great=false Attack WIN SLAUGHTER_UNIT
Apr 22, 2022 5:50:56 PM net.sf.freecol.common.util.LogBuilder log
INFO: Destroying: unit:247
Apr 22, 2022 5:50:56 PM net.sf.freecol.server.model.ServerPlayer csChangeStance
INFO: Stance modification Louis XIV UNCONTACTED -> WAR wrt William I
Apr 22, 2022 5:50:56 PM net.sf.freecol.server.model.ServerPlayer csChangeStance
INFO: Stance modification William I UNCONTACTED -> WAR wrt Louis XIV (symmetric)
Apr 22, 2022 5:50:56 PM net.sf.freecol.server.FreeColServer startGame
INFO: Server starting game: PRE_GAME
Apr 22, 2022 5:50:56 PM net.sf.freecol.server.model.ServerPlayer csChangeStance
INFO: Stance modification William I UNCONTACTED -> WAR wrt Louis XIV
Apr 22, 2022 5:50:56 PM net.sf.freecol.server.model.ServerPlayer csChangeStance
INFO: Stance modification Louis XIV UNCONTACTED -> WAR wrt William I (symmetric)
Apr 22, 2022 5:50:56 PM net.sf.freecol.common.util.LogBuilder log
INFO: Combat attacker=unit:247-pettyCriminal-soldier [Modifier model.modifier.offence (model.source.baseOffence) ADDITIVE 0.0 index=10] [Modifier model.modifier.offence (model.role.soldier) ADDITIVE 2.0 index=30] [Modifier model.modifier.attackBonus (model.source.attackBonus) PERCENTAGE 50.0 index=50] = 3.0 defender=unit:248-freeColonist-soldier [Modifier model.modifier.defence (model.source.baseDefence) ADDITIVE 1.0 index=10] [Modifier model.modifier.defence (model.role.soldier) ADDITIVE 1.0 index=30] = 2.0 odds=0.6 random(1.0)=0.5799999833106995 great=false Attack WIN LOSE_EQUIP PROMOTE_UNIT
Apr 22, 2022 5:50:56 PM net.sf.freecol.common.util.LogBuilder log
INFO: Combat attacker=unit:247-indenturedServant-soldier [Modifier model.modifier.offence (model.source.baseOffence) ADDITIVE 0.0 index=10] [Modifier model.modifier.offence (model.role.soldier) ADDITIVE 2.0 index=30] [Modifier model.modifier.attackBonus (model.source.attackBonus) PERCENTAGE 50.0 index=50] = 3.0 defender=unit:248-freeColonist-soldier [Modifier model.modifier.defence (model.source.baseDefence) ADDITIVE 1.0 index=10] [Modifier model.modifier.defence (model.role.soldier) ADDITIVE 1.0 index=30] = 2.0 odds=0.6 random(1.0)=0.5799999833106995 great=false Attack WIN LOSE_EQUIP PROMOTE_UNIT
Apr 22, 2022 5:50:56 PM net.sf.freecol.common.util.LogBuilder log
INFO: Combat attacker=unit:247-freeColonist-soldier [Modifier model.modifier.offence (model.source.baseOffence) ADDITIVE 0.0 index=10] [Modifier model.modifier.offence (model.role.soldier) ADDITIVE 2.0 index=30] [Modifier model.modifier.attackBonus (model.source.attackBonus) PERCENTAGE 50.0 index=50] = 3.0 defender=unit:248-freeColonist-soldier [Modifier model.modifier.defence (model.source.baseDefence) ADDITIVE 1.0 index=10] [Modifier model.modifier.defence (model.role.soldier) ADDITIVE 1.0 index=30] = 2.0 odds=0.6 random(1.0)=0.5799999833106995 great=false Attack WIN LOSE_EQUIP PROMOTE_UNIT
Apr 22, 2022 5:50:56 PM net.sf.freecol.common.util.LogBuilder log
INFO: Combat attacker=unit:247-veteranSoldier-soldier [Modifier model.modifier.offence (model.source.baseOffence) ADDITIVE 0.0 index=10] [Modifier model.modifier.offence (model.role.soldier) ADDITIVE 2.0 index=30] [Modifier model.modifier.offence (model.unit.veteranSoldier) PERCENTAGE 50.0 index=40] [Modifier model.modifier.attackBonus (model.source.attackBonus) PERCENTAGE 50.0 index=50] = 4.5 defender=unit:248-freeColonist-soldier [Modifier model.modifier.defence (model.source.baseDefence) ADDITIVE 1.0 index=10] [Modifier model.modifier.defence (model.role.soldier) ADDITIVE 1.0 index=30] = 2.0 odds=0.6923076923076923 random(1.0)=0.6723076701164246 great=false Attack WIN LOSE_EQUIP PROMOTE_UNIT
Apr 22, 2022 5:50:56 PM net.sf.freecol.common.util.LogBuilder log
INFO: Combat attacker=unit:247-colonialRegular-soldier [Modifier model.modifier.offence (model.source.baseOffence) ADDITIVE 0.0 index=10] [Modifier model.modifier.offence (model.unit.colonialRegular) ADDITIVE 3.0 index=20] [Modifier model.modifier.offence (model.role.soldier) ADDITIVE 2.0 index=30] [Modifier model.modifier.attackBonus (model.source.attackBonus) PERCENTAGE 50.0 index=50] = 7.5 defender=unit:248-freeColonist-soldier [Modifier model.modifier.defence (model.source.baseDefence) ADDITIVE 1.0 index=10] [Modifier model.modifier.defence (model.role.soldier) ADDITIVE 1.0 index=30] = 2.0 odds=0.7894736842105263 random(1.0)=0.769473671913147 great=false Attack WIN LOSE_EQUIP
Apr 22, 2022 5:50:56 PM net.sf.freecol.server.FreeColServer startGame
INFO: Server starting game: PRE_GAME
Apr 22, 2022 5:50:56 PM net.sf.freecol.common.model.Player clientError
WARNING: Can not clear speciality of a teacher.
Apr 22, 2022 5:50:57 PM net.sf.freecol.server.FreeColServer startGame
INFO: Server starting game: PRE_GAME
Apr 22, 2022 5:50:57 PM net.sf.freecol.server.model.ServerPlayer csChangeStance
INFO: Stance modification William I CEASE_FIRE -> PEACE wrt Louis XIV
Apr 22, 2022 5:50:57 PM net.sf.freecol.server.model.ServerPlayer csChangeStance
INFO: Stance modification Louis XIV CEASE_FIRE -> PEACE wrt William I (symmetric)
Apr 22, 2022 5:50:57 PM net.sf.freecol.server.FreeColServer startGame
INFO: Server starting game: PRE_GAME
Apr 22, 2022 5:50:57 PM net.sf.freecol.server.FreeColServer startGame
INFO: Server starting game: PRE_GAME
Apr 22, 2022 5:50:57 PM net.sf.freecol.server.FreeColServer startGame
INFO: Server starting game: PRE_GAME
Apr 22, 2022 5:50:57 PM net.sf.freecol.common.model.Unit setLocation
WARNING: Can not add [unit:249 dutch treasureTrain 1/1] to [tile:565 ocean 10,4]
Apr 22, 2022 5:50:57 PM net.sf.freecol.common.util.LogBuilder log
INFO: Destroying: unit:249
Apr 22, 2022 5:50:57 PM net.sf.freecol.common.model.Unit setLocation
WARNING: Can not add [unit:250 dutch treasureTrain 1/1] to [tile:565 ocean 10,4]
Apr 22, 2022 5:50:57 PM net.sf.freecol.server.FreeColServer startGame
INFO: Server starting game: PRE_GAME
Apr 22, 2022 5:50:57 PM net.sf.freecol.server.FreeColServer startGame
INFO: Server starting game: PRE_GAME
Apr 22, 2022 5:50:57 PM net.sf.freecol.server.model.ServerPlayer csChangeStance
INFO: Stance modification William I UNCONTACTED -> WAR wrt Louis XIV
Apr 22, 2022 5:50:57 PM net.sf.freecol.server.model.ServerPlayer csChangeStance
INFO: Stance modification Louis XIV UNCONTACTED -> WAR wrt William I (symmetric)
Apr 22, 2022 5:50:57 PM net.sf.freecol.common.util.LogBuilder log
INFO: Combat attacker=unit:247-freeColonist-soldier [Modifier model.modifier.offence (model.source.baseOffence) ADDITIVE 0.0 index=10] [Modifier model.modifier.offence (model.role.soldier) ADDITIVE 2.0 index=30] [Modifier model.modifier.attackBonus (model.source.attackBonus) PERCENTAGE 50.0 index=50] = 3.0 defender=unit:248-freeColonist-soldier [Modifier model.modifier.defence (model.source.baseDefence) ADDITIVE 1.0 index=10] [Modifier model.modifier.defence (model.role.soldier) ADDITIVE 1.0 index=30] = 2.0 odds=0.6 random(1.0)=0.6200000047683716 great=false Attack LOSE LOSE_EQUIP
Apr 22, 2022 5:50:57 PM net.sf.freecol.common.util.LogBuilder log
INFO: Combat attacker=unit:247-freeColonist [Modifier model.modifier.offence (model.source.baseOffence) ADDITIVE 0.0 index=10] [Modifier model.modifier.attackBonus (model.source.attackBonus) PERCENTAGE 50.0 index=50] = 0.0 defender=unit:248-freeColonist-soldier [Modifier model.modifier.defence (model.source.baseDefence) ADDITIVE 1.0 index=10] [Modifier model.modifier.defence (model.role.soldier) ADDITIVE 1.0 index=30] = 2.0 odds=0.0 random(1.0)=0.019999999552965164 great=false Attack LOSE CAPTURE_UNIT
Apr 22, 2022 5:50:57 PM net.sf.freecol.server.FreeColServer startGame
INFO: Server starting game: PRE_GAME
Apr 22, 2022 5:50:57 PM net.sf.freecol.common.util.LogBuilder log
INFO: Destroying: unit:271
Apr 22, 2022 5:50:57 PM net.sf.freecol.server.FreeColServer startGame
INFO: Server starting game: PRE_GAME
Apr 22, 2022 5:50:57 PM net.sf.freecol.server.model.ServerPlayer csChangeStance
INFO: Stance modification Louis XIV UNCONTACTED -> WAR wrt William I
Apr 22, 2022 5:50:57 PM net.sf.freecol.server.model.ServerPlayer csChangeStance
INFO: Stance modification William I UNCONTACTED -> WAR wrt Louis XIV (symmetric)
Apr 22, 2022 5:50:57 PM net.sf.freecol.common.util.LogBuilder log
INFO: Combat attacker=unit:248-veteranSoldier-soldier [Modifier model.modifier.offence (model.source.baseOffence) ADDITIVE 0.0 index=10] [Modifier model.modifier.offence (model.role.soldier) ADDITIVE 2.0 index=30] [Modifier model.modifier.offence (model.unit.veteranSoldier) PERCENTAGE 50.0 index=40] [Modifier model.modifier.attackBonus (model.source.attackBonus) PERCENTAGE 50.0 index=50] = 4.5 defender=unit:247-colonialRegular-soldier [Modifier model.modifier.defence (model.source.baseDefence) ADDITIVE 1.0 index=10] [Modifier model.modifier.defence (model.unit.colonialRegular) ADDITIVE 3.0 index=20] [Modifier model.modifier.defence (model.role.soldier) ADDITIVE 1.0 index=30] = 5.0 odds=0.47368421052631576 random(1.0)=0.4536842107772827 great=false Attack WIN LOSE_EQUIP DEMOTE_UNIT
Apr 22, 2022 5:50:57 PM net.sf.freecol.common.util.LogBuilder log
INFO: Combat attacker=unit:248-veteranSoldier-soldier [Modifier model.modifier.offence (model.source.baseOffence) ADDITIVE 0.0 index=10] [Modifier model.modifier.offence (model.role.soldier) ADDITIVE 2.0 index=30] [Modifier model.modifier.offence (model.unit.veteranSoldier) PERCENTAGE 50.0 index=40] [Modifier model.modifier.attackBonus (model.source.attackBonus) PERCENTAGE 50.0 index=50] = 4.5 defender=unit:247-veteranSoldier [Modifier model.modifier.defence (model.source.baseDefence) ADDITIVE 1.0 index=10] [Modifier model.modifier.defence (model.unit.veteranSoldier) PERCENTAGE 50.0 index=40] = 1.5 odds=0.75 random(1.0)=0.7300000190734863 great=false Attack WIN CAPTURE_UNIT
Apr 22, 2022 5:50:57 PM net.sf.freecol.server.FreeColServer startGame
INFO: Server starting game: PRE_GAME
Apr 22, 2022 5:50:57 PM net.sf.freecol.server.FreeColServer startGame
INFO: Server starting game: PRE_GAME
Apr 22, 2022 5:50:57 PM net.sf.freecol.server.model.ServerPlayer csChangeStance
INFO: Stance modification William I UNCONTACTED -> PEACE wrt Guaira
Apr 22, 2022 5:50:57 PM net.sf.freecol.server.model.ServerPlayer csChangeStance
INFO: Stance modification Guaira UNCONTACTED -> PEACE wrt William I (symmetric)
Apr 22, 2022 5:50:57 PM net.sf.freecol.common.util.LogBuilder log
INFO: Destroying: unit:253
Apr 22, 2022 5:50:57 PM net.sf.freecol.server.model.ServerPlayer csChangeStance
INFO: Stance modification Louis XIV UNCONTACTED -> PEACE wrt Guaira
Apr 22, 2022 5:50:57 PM net.sf.freecol.server.model.ServerPlayer csChangeStance
INFO: Stance modification Guaira UNCONTACTED -> PEACE wrt Louis XIV (symmetric)
Apr 22, 2022 5:50:57 PM net.sf.freecol.server.FreeColServer startGame
INFO: Server starting game: PRE_GAME
Apr 22, 2022 5:50:57 PM net.sf.freecol.server.FreeColServer startGame
INFO: Server starting game: PRE_GAME
Apr 22, 2022 5:50:57 PM net.sf.freecol.server.FreeColServer startGame
INFO: Server starting game: PRE_GAME
Apr 22, 2022 5:50:57 PM net.sf.freecol.server.FreeColServer startGame
INFO: Server starting game: PRE_GAME
Apr 22, 2022 5:50:57 PM net.sf.freecol.server.FreeColServer startGame
INFO: Server starting game: PRE_GAME
Apr 22, 2022 5:50:57 PM net.sf.freecol.server.FreeColServer startGame
INFO: Server starting game: PRE_GAME
Apr 22, 2022 5:50:57 PM net.sf.freecol.server.FreeColServer startGame
INFO: Server starting game: PRE_GAME
Apr 22, 2022 5:50:57 PM net.sf.freecol.server.FreeColServer startGame
INFO: Server starting game: PRE_GAME
Apr 22, 2022 5:50:57 PM net.sf.freecol.server.FreeColServer startGame
INFO: Server starting game: PRE_GAME
Apr 22, 2022 5:50:57 PM net.sf.freecol.server.FreeColServer startGame
INFO: Server starting game: PRE_GAME
Apr 22, 2022 5:50:57 PM net.sf.freecol.server.FreeColServer startGame
INFO: Server starting game: PRE_GAME
Apr 22, 2022 5:50:57 PM net.sf.freecol.server.FreeColServer startGame
INFO: Server starting game: PRE_GAME
Apr 22, 2022 5:50:57 PM net.sf.freecol.server.FreeColServer startGame
INFO: Server starting game: PRE_GAME
Apr 22, 2022 5:50:57 PM net.sf.freecol.server.FreeColServer startGame
INFO: Server starting game: PRE_GAME
Apr 22, 2022 5:50:57 PM net.sf.freecol.server.FreeColServer startGame
INFO: Server starting game: PRE_GAME
Apr 22, 2022 5:50:57 PM net.sf.freecol.server.FreeColServer startGame
INFO: Server starting game: PRE_GAME
Apr 22, 2022 5:50:57 PM net.sf.freecol.server.FreeColServer startGame
INFO: Server starting game: PRE_GAME
Apr 22, 2022 5:50:57 PM net.sf.freecol.server.FreeColServer startGame
INFO: Server starting game: PRE_GAME
Apr 22, 2022 5:50:57 PM net.sf.freecol.server.FreeColServer startGame
INFO: Server starting game: PRE_GAME
Apr 22, 2022 5:50:57 PM net.sf.freecol.server.FreeColServer startGame
INFO: Server starting game: PRE_GAME
Apr 22, 2022 5:50:57 PM net.sf.freecol.server.FreeColServer startGame
INFO: Server starting game: PRE_GAME
Apr 22, 2022 5:50:57 PM net.sf.freecol.server.FreeColServer startGame
INFO: Server starting game: PRE_GAME
Apr 22, 2022 5:50:57 PM net.sf.freecol.server.FreeColServer startGame
INFO: Server starting game: PRE_GAME
Apr 22, 2022 5:50:57 PM net.sf.freecol.server.FreeColServer startGame
INFO: Server starting game: PRE_GAME
Apr 22, 2022 5:50:57 PM net.sf.freecol.server.FreeColServer startGame
INFO: Server starting game: PRE_GAME
Apr 22, 2022 5:50:57 PM net.sf.freecol.server.FreeColServer startGame
INFO: Server starting game: PRE_GAME
Apr 22, 2022 5:50:57 PM net.sf.freecol.server.FreeColServer startGame
INFO: Server starting game: PRE_GAME
Apr 22, 2022 5:50:57 PM net.sf.freecol.server.FreeColServer startGame
INFO: Server starting game: PRE_GAME
Apr 22, 2022 5:50:57 PM net.sf.freecol.server.FreeColServer startGame
INFO: Server starting game: PRE_GAME
Apr 22, 2022 5:50:57 PM net.sf.freecol.server.FreeColServer startGame
INFO: Server starting game: PRE_GAME
Apr 22, 2022 5:50:57 PM net.sf.freecol.server.FreeColServer startGame
INFO: Server starting game: PRE_GAME
Apr 22, 2022 5:50:57 PM net.sf.freecol.server.FreeColServer startGame
INFO: Server starting game: PRE_GAME
Apr 22, 2022 5:50:57 PM net.sf.freecol.server.FreeColServer startGame
INFO: Server starting game: PRE_GAME
Apr 22, 2022 5:50:57 PM net.sf.freecol.server.FreeColServer startGame
INFO: Server starting game: PRE_GAME
Apr 22, 2022 5:50:57 PM net.sf.freecol.server.FreeColServer startGame
INFO: Server starting game: PRE_GAME
Apr 22, 2022 5:50:57 PM net.sf.freecol.server.FreeColServer startGame
INFO: Server starting game: PRE_GAME
Apr 22, 2022 5:50:57 PM net.sf.freecol.server.FreeColServer startGame
INFO: Server starting game: PRE_GAME
Apr 22, 2022 5:50:57 PM net.sf.freecol.server.FreeColServer startGame
INFO: Server starting game: PRE_GAME
Apr 22, 2022 5:50:57 PM net.sf.freecol.server.FreeColServer startGame
INFO: Server starting game: PRE_GAME
Apr 22, 2022 5:50:57 PM net.sf.freecol.server.FreeColServer startGame
INFO: Server starting game: PRE_GAME
Apr 22, 2022 5:50:57 PM net.sf.freecol.server.FreeColServer startGame
INFO: Server starting game: PRE_GAME
Apr 22, 2022 5:50:57 PM net.sf.freecol.server.FreeColServer startGame
INFO: Server starting game: PRE_GAME
Apr 22, 2022 5:50:57 PM net.sf.freecol.server.FreeColServer startGame
INFO: Server starting game: PRE_GAME
Apr 22, 2022 5:50:57 PM net.sf.freecol.server.FreeColServer startGame
INFO: Server starting game: PRE_GAME
Apr 22, 2022 5:50:57 PM net.sf.freecol.server.FreeColServer startGame
INFO: Server starting game: PRE_GAME
Apr 22, 2022 5:50:57 PM net.sf.freecol.server.FreeColServer startGame
INFO: Server starting game: PRE_GAME
Apr 22, 2022 5:50:57 PM net.sf.freecol.server.FreeColServer startGame
INFO: Server starting game: PRE_GAME
Apr 22, 2022 5:50:57 PM net.sf.freecol.server.FreeColServer startGame
INFO: Server starting game: PRE_GAME
Apr 22, 2022 5:50:57 PM net.sf.freecol.server.FreeColServer startGame
INFO: Server starting game: PRE_GAME
Apr 22, 2022 5:50:57 PM net.sf.freecol.server.FreeColServer startGame
INFO: Server starting game: PRE_GAME
Apr 22, 2022 5:50:57 PM net.sf.freecol.server.FreeColServer startGame
INFO: Server starting game: PRE_GAME
Apr 22, 2022 5:50:57 PM net.sf.freecol.server.FreeColServer startGame
INFO: Server starting game: PRE_GAME
Apr 22, 2022 5:50:57 PM net.sf.freecol.server.FreeColServer startGame
INFO: Server starting game: PRE_GAME
Apr 22, 2022 5:50:57 PM net.sf.freecol.common.model.Player clientError
WARNING: Naval unit unit:250 can not embark.
Apr 22, 2022 5:50:57 PM net.sf.freecol.common.model.Player clientError
WARNING: Carrier: unit:248 can not carry unit:252: CAPACITY_EXCEEDED
Apr 22, 2022 5:50:57 PM net.sf.freecol.server.FreeColServer startGame
INFO: Server starting game: PRE_GAME
Apr 22, 2022 5:50:57 PM net.sf.freecol.server.model.ServerPlayer csChangeStance
INFO: Stance modification William I UNCONTACTED -> WAR wrt Louis XIV
Apr 22, 2022 5:50:57 PM net.sf.freecol.server.model.ServerPlayer csChangeStance
INFO: Stance modification Louis XIV UNCONTACTED -> WAR wrt William I (symmetric)
Apr 22, 2022 5:50:57 PM net.sf.freecol.common.util.LogBuilder log
INFO: Combat attacker=unit:247-veteranSoldier-soldier [Modifier model.modifier.offence (model.source.baseOffence) ADDITIVE 0.0 index=10] [Modifier model.modifier.offence (model.role.soldier) ADDITIVE 2.0 index=30] [Modifier model.modifier.offence (model.unit.veteranSoldier) PERCENTAGE 50.0 index=40] [Modifier model.modifier.attackBonus (model.source.attackBonus) PERCENTAGE 50.0 index=50] = 4.5 defender=unit:248-freeColonist-soldier [Modifier model.modifier.defence (model.source.baseDefence) ADDITIVE 1.0 index=10] [Modifier model.modifier.defence (model.role.soldier) ADDITIVE 1.0 index=30] = 2.0 odds=0.6923076923076923 random(1.0)=0.7123076915740967 great=false Attack LOSE LOSE_EQUIP
Apr 22, 2022 5:50:57 PM net.sf.freecol.common.util.LogBuilder log
INFO: Combat attacker=unit:247-veteranSoldier [Modifier model.modifier.offence (model.source.baseOffence) ADDITIVE 0.0 index=10] [Modifier model.modifier.offence (model.unit.veteranSoldier) PERCENTAGE 50.0 index=40] [Modifier model.modifier.attackBonus (model.source.attackBonus) PERCENTAGE 50.0 index=50] = 0.0 defender=unit:248-freeColonist-soldier [Modifier model.modifier.defence (model.source.baseDefence) ADDITIVE 1.0 index=10] [Modifier model.modifier.defence (model.role.soldier) ADDITIVE 1.0 index=30] = 2.0 odds=0.0 random(1.0)=0.019999999552965164 great=false Attack LOSE CAPTURE_UNIT
Apr 22, 2022 5:50:57 PM net.sf.freecol.server.FreeColServer startGame
INFO: Server starting game: PRE_GAME
Apr 22, 2022 5:50:57 PM net.sf.freecol.server.model.ServerPlayer csChangeStance
INFO: Stance modification William I UNCONTACTED -> WAR wrt Atahualpa
Apr 22, 2022 5:50:57 PM net.sf.freecol.server.model.ServerPlayer csChangeStance
INFO: Stance modification Atahualpa UNCONTACTED -> WAR wrt William I (symmetric)
Apr 22, 2022 5:50:57 PM net.sf.freecol.common.util.LogBuilder log
INFO: Combat attacker=unit:271-brave-nativeDragoon [Modifier model.modifier.offence (model.source.baseOffence) ADDITIVE 1.0 index=10] [Modifier model.modifier.offence (model.role.nativeDragoon) ADDITIVE 3.0 index=30] [Modifier model.modifier.attackBonus (model.source.attackBonus) PERCENTAGE 50.0 index=50] = 6.0 defender=unit:270-freeColonist [Modifier model.modifier.defence (model.source.baseDefence) ADDITIVE 1.0 index=10] [Modifier model.modifier.defence (model.role.soldier) ADDITIVE 1.0 index=30] [Modifier model.modifier.defence (model.settlement.colony) PERCENTAGE 50.0 index=50] = 3.0 odds=0.6666666666666666 random(1.0)=0.6466666460037231 great=false Attack WIN AUTOEQUIP_UNIT LOSE_AUTOEQUIP
Apr 22, 2022 5:50:57 PM net.sf.freecol.server.FreeColServer startGame
INFO: Server starting game: PRE_GAME
Apr 22, 2022 5:50:57 PM net.sf.freecol.server.FreeColServer startGame
INFO: Server starting game: PRE_GAME
Apr 22, 2022 5:50:57 PM net.sf.freecol.server.model.ServerPlayer csChangeStance
INFO: Stance modification William I UNCONTACTED -> WAR wrt Louis XIV
Apr 22, 2022 5:50:57 PM net.sf.freecol.server.model.ServerPlayer csChangeStance
INFO: Stance modification Louis XIV UNCONTACTED -> WAR wrt William I (symmetric)
Apr 22, 2022 5:50:57 PM net.sf.freecol.common.util.LogBuilder log
INFO: Combat attacker=unit:247-freeColonist [Modifier model.modifier.offence (model.source.baseOffence) ADDITIVE 0.0 index=10] [Modifier model.modifier.attackBonus (model.source.attackBonus) PERCENTAGE 50.0 index=50] = 0.0 defender=unit:248-freeColonist-soldier [Modifier model.modifier.defence (model.source.baseDefence) ADDITIVE 1.0 index=10] [Modifier model.modifier.defence (model.role.soldier) ADDITIVE 1.0 index=30] = 2.0 odds=0.0 random(1.0)=0.019999999552965164 great=false Attack LOSE CAPTURE_UNIT
Apr 22, 2022 5:50:57 PM net.sf.freecol.server.FreeColServer startGame
INFO: Server starting game: PRE_GAME
Apr 22, 2022 5:50:57 PM net.sf.freecol.server.model.ServerPlayer csChangeStance
INFO: Stance modification William I UNCONTACTED -> WAR wrt Louis XIV
Apr 22, 2022 5:50:57 PM net.sf.freecol.server.model.ServerPlayer csChangeStance
INFO: Stance modification Louis XIV UNCONTACTED -> WAR wrt William I (symmetric)
Apr 22, 2022 5:50:57 PM net.sf.freecol.common.util.LogBuilder log
INFO: Combat attacker=unit:247-freeColonist-scout [Modifier model.modifier.offence (model.source.baseOffence) ADDITIVE 0.0 index=10] [Modifier model.modifier.offence (model.role.scout) ADDITIVE 1.0 index=30] [Modifier model.modifier.attackBonus (model.source.attackBonus) PERCENTAGE 50.0 index=50] = 1.5 defender=unit:248-freeColonist-soldier [Modifier model.modifier.defence (model.source.baseDefence) ADDITIVE 1.0 index=10] [Modifier model.modifier.defence (model.role.soldier) ADDITIVE 1.0 index=30] = 2.0 odds=0.42857142857142855 random(1.0)=0.44857141375541687 great=false Attack LOSE SLAUGHTER_UNIT
Apr 22, 2022 5:50:57 PM net.sf.freecol.common.util.LogBuilder log
INFO: Destroying: unit:247
Apr 22, 2022 5:50:57 PM net.sf.freecol.server.FreeColServer startGame
INFO: Server starting game: PRE_GAME
Apr 22, 2022 5:50:57 PM net.sf.freecol.server.FreeColServer startGame
INFO: Server starting game: PRE_GAME
Apr 22, 2022 5:50:57 PM net.sf.freecol.server.model.ServerPlayer csChangeStance
INFO: Stance modification William I UNCONTACTED -> WAR wrt Atahualpa
Apr 22, 2022 5:50:57 PM net.sf.freecol.server.model.ServerPlayer csChangeStance
INFO: Stance modification Atahualpa UNCONTACTED -> WAR wrt William I (symmetric)
Apr 22, 2022 5:50:57 PM net.sf.freecol.common.util.LogBuilder log
INFO: Combat attacker=unit:272-brave-nativeDragoon [Modifier model.modifier.offence (model.source.baseOffence) ADDITIVE 1.0 index=10] [Modifier model.modifier.offence (model.role.nativeDragoon) ADDITIVE 3.0 index=30] [Modifier model.modifier.attackBonus (model.source.attackBonus) PERCENTAGE 50.0 index=50] = 6.0 defender=unit:271-veteranSoldier-dragoon [Modifier model.modifier.defence (model.source.baseDefence) ADDITIVE 1.0 index=10] [Modifier model.modifier.defence (model.role.dragoon) ADDITIVE 2.0 index=30] [Modifier model.modifier.defence (model.unit.veteranSoldier) PERCENTAGE 50.0 index=40] [Modifier model.modifier.defence (model.settlement.colony) PERCENTAGE 50.0 index=50] = 6.75 odds=0.47058823529411764 random(1.0)=0.4505882263183594 great=false Attack WIN LOSE_EQUIP
Apr 22, 2022 5:50:57 PM net.sf.freecol.common.util.LogBuilder log
INFO: Combat attacker=unit:272-brave-nativeDragoon [Modifier model.modifier.offence (model.source.baseOffence) ADDITIVE 1.0 index=10] [Modifier model.modifier.offence (model.role.nativeDragoon) ADDITIVE 3.0 index=30] [Modifier model.modifier.attackBonus (model.source.attackBonus) PERCENTAGE 50.0 index=50] = 6.0 defender=unit:271-veteranSoldier-soldier [Modifier model.modifier.defence (model.source.baseDefence) ADDITIVE 1.0 index=10] [Modifier model.modifier.defence (model.role.soldier) ADDITIVE 1.0 index=30] [Modifier model.modifier.defence (model.unit.veteranSoldier) PERCENTAGE 50.0 index=40] [Modifier model.modifier.defence (model.settlement.colony) PERCENTAGE 50.0 index=50] = 4.5 odds=0.5714285714285714 random(1.0)=0.5514285564422607 great=false Attack WIN LOSE_EQUIP
Apr 22, 2022 5:50:57 PM net.sf.freecol.common.util.LogBuilder log
INFO: Combat attacker=unit:272-brave-nativeDragoon [Modifier model.modifier.offence (model.source.baseOffence) ADDITIVE 1.0 index=10] [Modifier model.modifier.offence (model.role.nativeDragoon) ADDITIVE 3.0 index=30] [Modifier model.modifier.attackBonus (model.source.attackBonus) PERCENTAGE 50.0 index=50] = 6.0 defender=unit:271-veteranSoldier [Modifier model.modifier.defence (model.source.baseDefence) ADDITIVE 1.0 index=10] [Modifier model.modifier.defence (model.unit.veteranSoldier) PERCENTAGE 50.0 index=40] [Modifier model.modifier.defence (model.settlement.colony) PERCENTAGE 50.0 index=50] = 2.25 odds=0.7272727272727273 random(1.0)=0.7072727084159851 great=false Attack WIN SLAUGHTER_UNIT
Apr 22, 2022 5:50:57 PM net.sf.freecol.common.util.LogBuilder log
INFO: Destroying: unit:271
Apr 22, 2022 5:50:57 PM net.sf.freecol.common.util.LogBuilder log
INFO: Combat attacker=unit:272-brave-nativeDragoon [Modifier model.modifier.offence (model.source.baseOffence) ADDITIVE 1.0 index=10] [Modifier model.modifier.offence (model.role.nativeDragoon) ADDITIVE 3.0 index=30] [Modifier model.modifier.attackBonus (model.source.attackBonus) PERCENTAGE 50.0 index=50] = 6.0 defender=unit:270-freeColonist [Modifier model.modifier.defence (model.source.baseDefence) ADDITIVE 1.0 index=10] [Modifier model.modifier.defence (model.settlement.colony) PERCENTAGE 50.0 index=50] = 1.5 odds=0.8 random(1.0)=0.7799999713897705 great=false Attack WIN PILLAGE_COLONY
Apr 22, 2022 5:50:57 PM net.sf.freecol.common.util.LogBuilder log
INFO: Destroying: building:274
Apr 22, 2022 5:50:57 PM net.sf.freecol.common.util.LogBuilder log
INFO: Combat attacker=unit:272-brave-nativeDragoon [Modifier model.modifier.offence (model.source.baseOffence) ADDITIVE 1.0 index=10] [Modifier model.modifier.offence (model.role.nativeDragoon) ADDITIVE 3.0 index=30] [Modifier model.modifier.attackBonus (model.source.attackBonus) PERCENTAGE 50.0 index=50] = 6.0 defender=unit:270-freeColonist [Modifier model.modifier.defence (model.source.baseDefence) ADDITIVE 1.0 index=10] [Modifier model.modifier.defence (model.settlement.colony) PERCENTAGE 50.0 index=50] = 1.5 odds=0.8 random(1.0)=0.7799999713897705 great=false Attack WIN PILLAGE_COLONY
Apr 22, 2022 5:50:57 PM net.sf.freecol.common.util.LogBuilder log
INFO: Combat attacker=unit:272-brave-nativeDragoon [Modifier model.modifier.offence (model.source.baseOffence) ADDITIVE 1.0 index=10] [Modifier model.modifier.offence (model.role.nativeDragoon) ADDITIVE 3.0 index=30] [Modifier model.modifier.attackBonus (model.source.attackBonus) PERCENTAGE 50.0 index=50] = 6.0 defender=unit:270-freeColonist [Modifier model.modifier.defence (model.source.baseDefence) ADDITIVE 1.0 index=10] [Modifier model.modifier.defence (model.settlement.colony) PERCENTAGE 50.0 index=50] = 1.5 odds=0.8 random(1.0)=0.7799999713897705 great=false Attack WIN PILLAGE_COLONY
Apr 22, 2022 5:50:57 PM net.sf.freecol.common.util.LogBuilder log
INFO: Combat attacker=unit:272-brave-nativeDragoon [Modifier model.modifier.offence (model.source.baseOffence) ADDITIVE 1.0 index=10] [Modifier model.modifier.offence (model.role.nativeDragoon) ADDITIVE 3.0 index=30] [Modifier model.modifier.attackBonus (model.source.attackBonus) PERCENTAGE 50.0 index=50] = 6.0 defender=unit:270-freeColonist [Modifier model.modifier.defence (model.source.baseDefence) ADDITIVE 1.0 index=10] [Modifier model.modifier.defence (model.settlement.colony) PERCENTAGE 50.0 index=50] = 1.5 odds=0.8 random(1.0)=0.7799999713897705 great=false Attack WIN PILLAGE_COLONY
Apr 22, 2022 5:50:57 PM net.sf.freecol.common.util.LogBuilder log
INFO: Combat attacker=unit:272-brave-nativeDragoon [Modifier model.modifier.offence (model.source.baseOffence) ADDITIVE 1.0 index=10] [Modifier model.modifier.offence (model.role.nativeDragoon) ADDITIVE 3.0 index=30] [Modifier model.modifier.attackBonus (model.source.attackBonus) PERCENTAGE 50.0 index=50] = 6.0 defender=unit:270-freeColonist [Modifier model.modifier.defence (model.source.baseDefence) ADDITIVE 1.0 index=10] [Modifier model.modifier.defence (model.settlement.colony) PERCENTAGE 50.0 index=50] = 1.5 odds=0.8 random(1.0)=0.7799999713897705 great=false Attack WIN SLAUGHTER_UNIT DESTROY_COLONY
Apr 22, 2022 5:50:57 PM net.sf.freecol.common.util.LogBuilder log
INFO: Destroying: unit:270
Apr 22, 2022 5:50:57 PM net.sf.freecol.common.util.LogBuilder log
INFO: Destroying: colonyTile:249 colonyTile:250 colonyTile:251 colonyTile:252 colonyTile:253 colonyTile:254 colonyTile:255 colonyTile:256 colonyTile:257 building:258 building:260 building:259 building:262 building:266 building:267 building:261 building:263 building:264 building:265 goodsContainer:248 colony:247
Apr 22, 2022 5:50:57 PM net.sf.freecol.server.FreeColServer startGame
INFO: Server starting game: PRE_GAME
Apr 22, 2022 5:50:57 PM net.sf.freecol.server.FreeColServer startGame
INFO: Server starting game: PRE_GAME
Apr 22, 2022 5:50:57 PM net.sf.freecol.server.FreeColServer startGame
INFO: Server starting game: PRE_GAME
Apr 22, 2022 5:50:57 PM net.sf.freecol.server.FreeColServer startGame
INFO: Server starting game: PRE_GAME
Apr 22, 2022 5:50:57 PM net.sf.freecol.server.FreeColServer startGame
INFO: Server starting game: PRE_GAME
Apr 22, 2022 5:50:57 PM net.sf.freecol.server.FreeColServer startGame
INFO: Server starting game: PRE_GAME
Apr 22, 2022 5:50:57 PM net.sf.freecol.server.FreeColServer startGame
INFO: Server starting game: PRE_GAME
Apr 22, 2022 5:50:57 PM net.sf.freecol.common.model.Unit setLocation
WARNING: Can not add [unit:272 dutch pettyCriminal 0/1] to [building:258 townHall/New Amsterdam]
Apr 22, 2022 5:50:57 PM net.sf.freecol.server.FreeColServer startGame
INFO: Server starting game: PRE_GAME
Apr 22, 2022 5:50:57 PM net.sf.freecol.server.FreeColServer startGame
INFO: Server starting game: PRE_GAME
Apr 22, 2022 5:50:57 PM net.sf.freecol.server.FreeColServer startGame
INFO: Server starting game: PRE_GAME
Apr 22, 2022 5:50:57 PM net.sf.freecol.server.FreeColServer startGame
INFO: Server starting game: PRE_GAME
Apr 22, 2022 5:50:57 PM net.sf.freecol.server.FreeColServer startGame
INFO: Server starting game: PRE_GAME
Apr 22, 2022 5:50:57 PM net.sf.freecol.server.FreeColServer startGame
INFO: Server starting game: PRE_GAME
Apr 22, 2022 5:50:57 PM net.sf.freecol.server.FreeColServer startGame
INFO: Server starting game: PRE_GAME
Apr 22, 2022 5:50:57 PM net.sf.freecol.server.FreeColServer startGame
INFO: Server starting game: PRE_GAME
Apr 22, 2022 5:50:57 PM net.sf.freecol.server.FreeColServer startGame
INFO: Server starting game: PRE_GAME
Apr 22, 2022 5:50:57 PM net.sf.freecol.server.FreeColServer startGame
INFO: Server starting game: PRE_GAME
Apr 22, 2022 5:50:57 PM net.sf.freecol.server.FreeColServer startGame
INFO: Server starting game: PRE_GAME
Apr 22, 2022 5:50:57 PM net.sf.freecol.server.FreeColServer startGame
INFO: Server starting game: PRE_GAME
Apr 22, 2022 5:50:57 PM net.sf.freecol.server.FreeColServer startGame
INFO: Server starting game: PRE_GAME
Apr 22, 2022 5:50:57 PM net.sf.freecol.server.FreeColServer startGame
INFO: Server starting game: PRE_GAME
Apr 22, 2022 5:50:57 PM net.sf.freecol.server.FreeColServer startGame
INFO: Server starting game: PRE_GAME
Apr 22, 2022 5:50:57 PM net.sf.freecol.server.FreeColServer startGame
INFO: Server starting game: PRE_GAME
Apr 22, 2022 5:50:57 PM net.sf.freecol.server.FreeColServer startGame
INFO: Server starting game: PRE_GAME
Apr 22, 2022 5:50:57 PM net.sf.freecol.server.FreeColServer startGame
INFO: Server starting game: PRE_GAME
Apr 22, 2022 5:50:57 PM net.sf.freecol.common.util.LogBuilder log
INFO: Destroying: unit:270
Apr 22, 2022 5:50:57 PM net.sf.freecol.server.FreeColServer startGame
INFO: Server starting game: PRE_GAME
Apr 22, 2022 5:50:57 PM net.sf.freecol.server.model.ServerColony csBuildBuilding
INFO: New building in New Amsterdam: warehouse
Apr 22, 2022 5:50:57 PM net.sf.freecol.server.FreeColServer startGame
INFO: Server starting game: PRE_GAME
Apr 22, 2022 5:50:57 PM net.sf.freecol.server.model.ServerColony csBuildBuilding
INFO: New building in New Amsterdam: lumberMill
Apr 22, 2022 5:50:57 PM net.sf.freecol.server.FreeColServer startGame
INFO: Server starting game: PRE_GAME
Apr 22, 2022 5:50:57 PM net.sf.freecol.server.model.ServerColony csBuildUnit
INFO: New unit in New Amsterdam: freeColonist
Apr 22, 2022 5:50:57 PM net.sf.freecol.server.FreeColServer startGame
INFO: Server starting game: PRE_GAME
Apr 22, 2022 5:50:57 PM net.sf.freecol.server.FreeColServer startGame
INFO: Server starting game: PRE_GAME
Apr 22, 2022 5:50:57 PM net.sf.freecol.server.FreeColServer startGame
INFO: Server starting game: PRE_GAME
Apr 22, 2022 5:50:57 PM net.sf.freecol.common.util.LogBuilder log
INFO: Destroying: goodsContainer:250 unit:249
Apr 22, 2022 5:50:57 PM net.sf.freecol.server.FreeColServer startGame
INFO: Server starting game: PRE_GAME
Apr 22, 2022 5:50:57 PM net.sf.freecol.server.FreeColServer startGame
INFO: Server starting game: PRE_GAME
Apr 22, 2022 5:50:57 PM net.sf.freecol.server.FreeColServer startGame
INFO: Server starting game: PRE_GAME
Apr 22, 2022 5:50:57 PM net.sf.freecol.server.FreeColServer startGame
INFO: Server starting game: PRE_GAME
Apr 22, 2022 5:50:57 PM net.sf.freecol.server.model.ServerPlayer checkForDeath
INFO: William I alive, can buy colonist.
Apr 22, 2022 5:50:57 PM net.sf.freecol.server.FreeColServer startGame
INFO: Server starting game: PRE_GAME
Apr 22, 2022 5:50:57 PM net.sf.freecol.server.model.ServerPlayer checkForDeath
INFO: William I survives by autorecruit.
Apr 22, 2022 5:50:57 PM net.sf.freecol.server.model.ServerPlayer checkForDeath
INFO: William I alive, has waiting colonist.
Apr 22, 2022 5:50:57 PM net.sf.freecol.server.model.ServerPlayer checkForDeath
INFO: William I dead, no presence >= 1600
Apr 22, 2022 5:50:57 PM net.sf.freecol.server.FreeColServer startGame
INFO: Server starting game: PRE_GAME
Apr 22, 2022 5:50:57 PM net.sf.freecol.server.model.ServerPlayer checkForDeath
INFO: William I alive, unit unit:247 on map.
Apr 22, 2022 5:50:57 PM net.sf.freecol.server.FreeColServer startGame
INFO: Server starting game: PRE_GAME
Apr 22, 2022 5:50:57 PM net.sf.freecol.server.FreeColServer startGame
INFO: Server starting game: PRE_GAME
Apr 22, 2022 5:50:57 PM net.sf.freecol.server.FreeColServer startGame
INFO: Server starting game: PRE_GAME
Apr 22, 2022 5:50:57 PM net.sf.freecol.server.model.ServerPlayer checkForDeath
INFO: William I alive, has embarked unit.
Apr 22, 2022 5:50:57 PM net.sf.freecol.server.model.ServerPlayer checkForDeath
INFO: William I dead, no presence >= 1600
Apr 22, 2022 5:50:57 PM net.sf.freecol.server.FreeColServer startGame
INFO: Server starting game: PRE_GAME
Apr 22, 2022 5:50:57 PM net.sf.freecol.server.FreeColServer startGame
INFO: Server starting game: PRE_GAME
Apr 22, 2022 5:50:57 PM net.sf.freecol.server.FreeColServer startGame
INFO: Server starting game: PRE_GAME
Apr 22, 2022 5:50:57 PM net.sf.freecol.server.model.ServerPlayer checkForDeath
INFO: William I dead, can not buy carrier.
Apr 22, 2022 5:50:57 PM net.sf.freecol.server.FreeColServer startGame
INFO: Server starting game: PRE_GAME
Apr 22, 2022 5:50:57 PM net.sf.freecol.server.model.ServerPlayer checkForDeath
INFO: William I alive, has embarked unit.
Apr 22, 2022 5:50:57 PM net.sf.freecol.server.model.ServerPlayer checkForDeath
INFO: William I dead, no presence >= 1600
Apr 22, 2022 5:50:57 PM net.sf.freecol.server.FreeColServer startGame
INFO: Server starting game: PRE_GAME
Apr 22, 2022 5:50:57 PM net.sf.freecol.server.FreeColServer startGame
INFO: Server starting game: PRE_GAME
Apr 22, 2022 5:50:57 PM net.sf.freecol.common.model.MarketData price
INFO: Clamped price fall for marketData:106 from 15 to 16
Apr 22, 2022 5:50:57 PM net.sf.freecol.server.FreeColServer startGame
INFO: Server starting game: PRE_GAME
Apr 22, 2022 5:50:57 PM net.sf.freecol.common.model.Player clientError
WARNING: Carrier not at location: New Amsterdam
Apr 22, 2022 5:50:57 PM net.sf.freecol.common.model.Player clientError
WARNING: Too much goods
Apr 22, 2022 5:50:57 PM net.sf.freecol.common.model.Player clientError
WARNING: Too much goods
Apr 22, 2022 5:50:57 PM net.sf.freecol.server.FreeColServer startGame
INFO: Server starting game: PRE_GAME
Apr 22, 2022 5:50:57 PM net.sf.freecol.common.model.Unit setLocation
WARNING: Can not add [unit:249 dutch privateer 8/8] to [tile:496 plains 1,1]
Apr 22, 2022 5:50:57 PM net.sf.freecol.common.model.Player clientError
WARNING: Player William I tried to buy 10 cotton
Apr 22, 2022 5:50:57 PM net.sf.freecol.common.model.Player clientError
WARNING: Carrier not in Europe: Europe
Apr 22, 2022 5:50:57 PM net.sf.freecol.common.model.Player clientError
WARNING: Can not trade boycotted goods
Apr 22, 2022 5:50:57 PM net.sf.freecol.server.FreeColServer startGame
INFO: Server starting game: PRE_GAME
Apr 22, 2022 5:50:57 PM net.sf.freecol.server.FreeColServer startGame
INFO: Server starting game: PRE_GAME
Apr 22, 2022 5:50:57 PM net.sf.freecol.server.FreeColServer startGame
INFO: Server starting game: PRE_GAME
Apr 22, 2022 5:50:57 PM net.sf.freecol.server.FreeColServer startGame
INFO: Server starting game: PRE_GAME
Apr 22, 2022 5:50:57 PM net.sf.freecol.server.FreeColServer startGame
INFO: Server starting game: PRE_GAME
Apr 22, 2022 5:50:57 PM net.sf.freecol.server.FreeColServer startGame
INFO: Server starting game: PRE_GAME
Apr 22, 2022 5:50:57 PM net.sf.freecol.server.FreeColServer startGame
INFO: Server starting game: PRE_GAME
Apr 22, 2022 5:50:57 PM net.sf.freecol.server.FreeColServer startGame
INFO: Server starting game: PRE_GAME
Apr 22, 2022 5:50:57 PM net.sf.freecol.common.model.LandMap <init>
INFO: Using land generator model.option.landGeneratorType.classic to make 40x100 map with distance-to-edge=5 and min-tile#=1000
Apr 22, 2022 5:50:57 PM net.sf.freecol.server.FreeColServer readGame
INFO: Found savegame version 14
Apr 22, 2022 5:50:57 PM net.sf.freecol.server.FreeColServer readGame
INFO: Read file data/maps/M_Africa_Gilolat.fsm
Autosave directory null is broken, replacing with null
Apr 22, 2022 5:50:57 PM net.sf.freecol.server.FreeColServer readGame
INFO: Found savegame version 14
Apr 22, 2022 5:50:58 PM net.sf.freecol.server.FreeColServer readGame
INFO: Read file data/maps/S_AustraliaOceania_Gilolat.fsm
Autosave directory null is broken, replacing with null
Apr 22, 2022 5:50:58 PM net.sf.freecol.server.FreeColServer readGame
INFO: Found savegame version 14
Apr 22, 2022 5:50:58 PM net.sf.freecol.server.FreeColServer readGame
INFO: Read file data/maps/L_America_JsTheDude.fsm
Autosave directory null is broken, replacing with null
Apr 22, 2022 5:50:58 PM net.sf.freecol.server.FreeColServer readGame
INFO: Found savegame version 14
Apr 22, 2022 5:50:58 PM net.sf.freecol.server.FreeColServer readGame
INFO: Read file data/maps/S_Caribbean_Phil.fsm
Autosave directory null is broken, replacing with null
Apr 22, 2022 5:50:58 PM net.sf.freecol.common.model.LandMap <init>
INFO: Using land generator model.option.landGeneratorType.classic to make 40x100 map with distance-to-edge=5 and min-tile#=1000
Apr 22, 2022 5:50:58 PM net.sf.freecol.common.model.LandMap <init>
INFO: Using land generator model.option.landGeneratorType.classic to make 40x100 map with distance-to-edge=5 and min-tile#=1000
Apr 22, 2022 5:50:58 PM net.sf.freecol.common.model.LandMap <init>
INFO: Using land generator model.option.landGeneratorType.classic to make 40x100 map with distance-to-edge=5 and min-tile#=1000
Apr 22, 2022 5:50:58 PM net.sf.freecol.common.model.LandMap <init>
INFO: Using land generator model.option.landGeneratorType.classic to make 40x100 map with distance-to-edge=5 and min-tile#=1000
Apr 22, 2022 5:50:58 PM net.sf.freecol.server.FreeColServer startGame
INFO: Server starting game: PRE_GAME
Apr 22, 2022 5:50:58 PM net.sf.freecol.client.ClientTestHelper startClient
INFO: Debug value: true
Apr 22, 2022 5:50:58 PM net.sf.freecol.common.resources.FontResource <init>
INFO: Loaded font: ShadowedBlack from: file:/home/sfauvel/Documents/projects/games/freecol/freecol/data/base/resources/fonts/ShadowedBlack.ttf
Apr 22, 2022 5:50:59 PM net.sf.freecol.common.resources.FontResource <init>
INFO: Loaded font: Dialog.plain from: urn:font:Dialog-PLAIN-12
Apr 22, 2022 5:50:59 PM net.sf.freecol.common.resources.FontResource <init>
INFO: Loaded font: Serif.plain from: urn:font:Serif-PLAIN-12
Apr 22, 2022 5:50:59 PM net.sf.freecol.common.resources.ResourceManager addMapping
INFO: Resource manager adding mapping base
Apr 22, 2022 5:50:59 PM net.sf.freecol.common.resources.ResourceManager addMapping
INFO: Resource manager adding mapping tc
Exception in thread "AWT-EventQueue-0" java.lang.NullPointerException
	at net.sf.freecol.client.gui.action.FreeColAction.updateImageIcon(FreeColAction.java:275)
	at net.sf.freecol.client.gui.action.FreeColAction.lambda$addImageIcons$0(FreeColAction.java:264)
	at java.desktop/java.awt.event.InvocationEvent.dispatch(InvocationEvent.java:313)
	at java.desktop/java.awt.EventQueue.dispatchEventImpl(EventQueue.java:770)
	at java.desktop/java.awt.EventQueue$4.run(EventQueue.java:721)
	at java.desktop/java.awt.EventQueue$4.run(EventQueue.java:715)
	at java.base/java.security.AccessController.doPrivileged(Native Method)
	at java.base/java.security.ProtectionDomain$JavaSecurityAccessImpl.doIntersectionPrivilege(ProtectionDomain.java:85)
	at java.desktop/java.awt.EventQueue.dispatchEvent(EventQueue.java:740)
	at java.desktop/java.awt.EventDispatchThread.pumpOneEventForFilters(EventDispatchThread.java:203)
	at java.desktop/java.awt.EventDispatchThread.pumpEventsForFilter(EventDispatchThread.java:124)
	at java.desktop/java.awt.EventDispatchThread.pumpEventsForHierarchy(EventDispatchThread.java:113)
	at java.desktop/java.awt.EventDispatchThread.pumpEvents(EventDispatchThread.java:109)
	at java.desktop/java.awt.EventDispatchThread.pumpEvents(EventDispatchThread.java:101)
	at java.desktop/java.awt.EventDispatchThread.run(EventDispatchThread.java:90)
Exception in thread "AWT-EventQueue-0" java.lang.NullPointerException
	at net.sf.freecol.client.gui.action.FreeColAction.updateImageIcon(FreeColAction.java:275)
	at net.sf.freecol.client.gui.action.FreeColAction.lambda$addImageIcons$0(FreeColAction.java:264)
	at java.desktop/java.awt.event.InvocationEvent.dispatch(InvocationEvent.java:313)
	at java.desktop/java.awt.EventQueue.dispatchEventImpl(EventQueue.java:770)
	at java.desktop/java.awt.EventQueue$4.run(EventQueue.java:721)
	at java.desktop/java.awt.EventQueue$4.run(EventQueue.java:715)
	at java.base/java.security.AccessController.doPrivileged(Native Method)
	at java.base/java.security.ProtectionDomain$JavaSecurityAccessImpl.doIntersectionPrivilege(ProtectionDomain.java:85)
	at java.desktop/java.awt.EventQueue.dispatchEvent(EventQueue.java:740)
	at java.desktop/java.awt.EventDispatchThread.pumpOneEventForFilters(EventDispatchThread.java:203)
	at java.desktop/java.awt.EventDispatchThread.pumpEventsForFilter(EventDispatchThread.java:124)
	at java.desktop/java.awt.EventDispatchThread.pumpEventsForHierarchy(EventDispatchThread.java:113)
	at java.desktop/java.awt.EventDispatchThread.pumpEvents(EventDispatchThread.java:109)
	at java.desktop/java.awt.EventDispatchThread.pumpEvents(EventDispatchThread.java:101)
	at java.desktop/java.awt.EventDispatchThread.run(EventDispatchThread.java:90)
Exception in thread "AWT-EventQueue-0" java.lang.NullPointerException
	at net.sf.freecol.client.gui.action.FreeColAction.updateImageIcon(FreeColAction.java:275)
	at net.sf.freecol.client.gui.action.FreeColAction.lambda$addImageIcons$0(FreeColAction.java:264)
	at java.desktop/java.awt.event.InvocationEvent.dispatch(InvocationEvent.java:313)
	at java.desktop/java.awt.EventQueue.dispatchEventImpl(EventQueue.java:770)
	at java.desktop/java.awt.EventQueue$4.run(EventQueue.java:721)
	at java.desktop/java.awt.EventQueue$4.run(EventQueue.java:715)
	at java.base/java.security.AccessController.doPrivileged(Native Method)
	at java.base/java.security.ProtectionDomain$JavaSecurityAccessImpl.doIntersectionPrivilege(ProtectionDomain.java:85)
	at java.desktop/java.awt.EventQueue.dispatchEvent(EventQueue.java:740)
	at java.desktop/java.awt.EventDispatchThread.pumpOneEventForFilters(EventDispatchThread.java:203)
	at java.desktop/java.awt.EventDispatchThread.pumpEventsForFilter(EventDispatchThread.java:124)
	at java.desktop/java.awt.EventDispatchThread.pumpEventsForHierarchy(EventDispatchThread.java:113)
	at java.desktop/java.awt.EventDispatchThread.pumpEvents(EventDispatchThread.java:109)
	at java.desktop/java.awt.EventDispatchThread.pumpEvents(EventDispatchThread.java:101)
	at java.desktop/java.awt.EventDispatchThread.run(EventDispatchThread.java:90)
Exception in thread "AWT-EventQueue-0" java.lang.NullPointerException
	at net.sf.freecol.client.gui.action.FreeColAction.updateImageIcon(FreeColAction.java:275)
	at net.sf.freecol.client.gui.action.FreeColAction.lambda$addImageIcons$0(FreeColAction.java:264)
	at java.desktop/java.awt.event.InvocationEvent.dispatch(InvocationEvent.java:313)
	at java.desktop/java.awt.EventQueue.dispatchEventImpl(EventQueue.java:770)
	at java.desktop/java.awt.EventQueue$4.run(EventQueue.java:721)
	at java.desktop/java.awt.EventQueue$4.run(EventQueue.java:715)
	at java.base/java.security.AccessController.doPrivileged(Native Method)
	at java.base/java.security.ProtectionDomain$JavaSecurityAccessImpl.doIntersectionPrivilege(ProtectionDomain.java:85)
	at java.desktop/java.awt.EventQueue.dispatchEvent(EventQueue.java:740)
	at java.desktop/java.awt.EventDispatchThread.pumpOneEventForFilters(EventDispatchThread.java:203)
	at java.desktop/java.awt.EventDispatchThread.pumpEventsForFilter(EventDispatchThread.java:124)
	at java.desktop/java.awt.EventDispatchThread.pumpEventsForHierarchy(EventDispatchThread.java:113)
	at java.desktop/java.awt.EventDispatchThread.pumpEvents(EventDispatchThread.java:109)
	at java.desktop/java.awt.EventDispatchThread.pumpEvents(EventDispatchThread.java:101)
	at java.desktop/java.awt.EventDispatchThread.run(EventDispatchThread.java:90)
Exception in thread "AWT-EventQueue-0" java.lang.NullPointerException
	at net.sf.freecol.client.gui.action.FreeColAction.updateImageIcon(FreeColAction.java:275)
	at net.sf.freecol.client.gui.action.FreeColAction.lambda$addImageIcons$0(FreeColAction.java:264)
	at java.desktop/java.awt.event.InvocationEvent.dispatch(InvocationEvent.java:313)
	at java.desktop/java.awt.EventQueue.dispatchEventImpl(EventQueue.java:770)
	at java.desktop/java.awt.EventQueue$4.run(EventQueue.java:721)
	at java.desktop/java.awt.EventQueue$4.run(EventQueue.java:715)
	at java.base/java.security.AccessController.doPrivileged(Native Method)
	at java.base/java.security.ProtectionDomain$JavaSecurityAccessImpl.doIntersectionPrivilege(ProtectionDomain.java:85)
	at java.desktop/java.awt.EventQueue.dispatchEvent(EventQueue.java:740)
	at java.desktop/java.awt.EventDispatchThread.pumpOneEventForFilters(EventDispatchThread.java:203)
	at java.desktop/java.awt.EventDispatchThread.pumpEventsForFilter(EventDispatchThread.java:124)
	at java.desktop/java.awt.EventDispatchThread.pumpEventsForHierarchy(EventDispatchThread.java:113)
	at java.desktop/java.awt.EventDispatchThread.pumpEvents(EventDispatchThread.java:109)
	at java.desktop/java.awt.EventDispatchThread.pumpEvents(EventDispatchThread.java:101)
	at java.desktop/java.awt.EventDispatchThread.run(EventDispatchThread.java:90)
Exception in thread "AWT-EventQueue-0" java.lang.NullPointerException
	at net.sf.freecol.client.gui.action.FreeColAction.updateImageIcon(FreeColAction.java:275)
	at net.sf.freecol.client.gui.action.FreeColAction.lambda$addImageIcons$0(FreeColAction.java:264)
	at java.desktop/java.awt.event.InvocationEvent.dispatch(InvocationEvent.java:313)
	at java.desktop/java.awt.EventQueue.dispatchEventImpl(EventQueue.java:770)
	at java.desktop/java.awt.EventQueue$4.run(EventQueue.java:721)
	at java.desktop/java.awt.EventQueue$4.run(EventQueue.java:715)
	at java.base/java.security.AccessController.doPrivileged(Native Method)
	at java.base/java.security.ProtectionDomain$JavaSecurityAccessImpl.doIntersectionPrivilege(ProtectionDomain.java:85)
	at java.desktop/java.awt.EventQueue.dispatchEvent(EventQueue.java:740)
	at java.desktop/java.awt.EventDispatchThread.pumpOneEventForFilters(EventDispatchThread.java:203)
	at java.desktop/java.awt.EventDispatchThread.pumpEventsForFilter(EventDispatchThread.java:124)
	at java.desktop/java.awt.EventDispatchThread.pumpEventsForHierarchy(EventDispatchThread.java:113)
	at java.desktop/java.awt.EventDispatchThread.pumpEvents(EventDispatchThread.java:109)
	at java.desktop/java.awt.EventDispatchThread.pumpEvents(EventDispatchThread.java:101)
	at java.desktop/java.awt.EventDispatchThread.run(EventDispatchThread.java:90)
Exception in thread "AWT-EventQueue-0" java.lang.NullPointerException
	at net.sf.freecol.client.gui.action.FreeColAction.updateImageIcon(FreeColAction.java:275)
	at net.sf.freecol.client.gui.action.FreeColAction.lambda$addImageIcons$0(FreeColAction.java:264)
	at java.desktop/java.awt.event.InvocationEvent.dispatch(InvocationEvent.java:313)
	at java.desktop/java.awt.EventQueue.dispatchEventImpl(EventQueue.java:770)
	at java.desktop/java.awt.EventQueue$4.run(EventQueue.java:721)
	at java.desktop/java.awt.EventQueue$4.run(EventQueue.java:715)
	at java.base/java.security.AccessController.doPrivileged(Native Method)
	at java.base/java.security.ProtectionDomain$JavaSecurityAccessImpl.doIntersectionPrivilege(ProtectionDomain.java:85)
	at java.desktop/java.awt.EventQueue.dispatchEvent(EventQueue.java:740)
	at java.desktop/java.awt.EventDispatchThread.pumpOneEventForFilters(EventDispatchThread.java:203)
	at java.desktop/java.awt.EventDispatchThread.pumpEventsForFilter(EventDispatchThread.java:124)
	at java.desktop/java.awt.EventDispatchThread.pumpEventsForHierarchy(EventDispatchThread.java:113)
	at java.desktop/java.awt.EventDispatchThread.pumpEvents(EventDispatchThread.java:109)
	at java.desktop/java.awt.EventDispatchThread.pumpEvents(EventDispatchThread.java:101)
	at java.desktop/java.awt.EventDispatchThread.run(EventDispatchThread.java:90)
Exception in thread "AWT-EventQueue-0" java.lang.NullPointerException
	at net.sf.freecol.client.gui.action.FreeColAction.updateImageIcon(FreeColAction.java:275)
	at net.sf.freecol.client.gui.action.FreeColAction.lambda$addImageIcons$0(FreeColAction.java:264)
	at java.desktop/java.awt.event.InvocationEvent.dispatch(InvocationEvent.java:313)
	at java.desktop/java.awt.EventQueue.dispatchEventImpl(EventQueue.java:770)
	at java.desktop/java.awt.EventQueue$4.run(EventQueue.java:721)
	at java.desktop/java.awt.EventQueue$4.run(EventQueue.java:715)
	at java.base/java.security.AccessController.doPrivileged(Native Method)
	at java.base/java.security.ProtectionDomain$JavaSecurityAccessImpl.doIntersectionPrivilege(ProtectionDomain.java:85)
	at java.desktop/java.awt.EventQueue.dispatchEvent(EventQueue.java:740)
	at java.desktop/java.awt.EventDispatchThread.pumpOneEventForFilters(EventDispatchThread.java:203)
	at java.desktop/java.awt.EventDispatchThread.pumpEventsForFilter(EventDispatchThread.java:124)
	at java.desktop/java.awt.EventDispatchThread.pumpEventsForHierarchy(EventDispatchThread.java:113)
	at java.desktop/java.awt.EventDispatchThread.pumpEvents(EventDispatchThread.java:109)
	at java.desktop/java.awt.EventDispatchThread.pumpEvents(EventDispatchThread.java:101)
	at java.desktop/java.awt.EventDispatchThread.run(EventDispatchThread.java:90)
Exception in thread "AWT-EventQueue-0" java.lang.NullPointerException
	at net.sf.freecol.client.gui.action.FreeColAction.updateImageIcon(FreeColAction.java:275)
	at net.sf.freecol.client.gui.action.FreeColAction.lambda$addImageIcons$0(FreeColAction.java:264)
	at java.desktop/java.awt.event.InvocationEvent.dispatch(InvocationEvent.java:313)
	at java.desktop/java.awt.EventQueue.dispatchEventImpl(EventQueue.java:770)
	at java.desktop/java.awt.EventQueue$4.run(EventQueue.java:721)
	at java.desktop/java.awt.EventQueue$4.run(EventQueue.java:715)
	at java.base/java.security.AccessController.doPrivileged(Native Method)
	at java.base/java.security.ProtectionDomain$JavaSecurityAccessImpl.doIntersectionPrivilege(ProtectionDomain.java:85)
	at java.desktop/java.awt.EventQueue.dispatchEvent(EventQueue.java:740)
	at java.desktop/java.awt.EventDispatchThread.pumpOneEventForFilters(EventDispatchThread.java:203)
	at java.desktop/java.awt.EventDispatchThread.pumpEventsForFilter(EventDispatchThread.java:124)
	at java.desktop/java.awt.EventDispatchThread.pumpEventsForHierarchy(EventDispatchThread.java:113)
	at java.desktop/java.awt.EventDispatchThread.pumpEvents(EventDispatchThread.java:109)
	at java.desktop/java.awt.EventDispatchThread.pumpEvents(EventDispatchThread.java:101)
	at java.desktop/java.awt.EventDispatchThread.run(EventDispatchThread.java:90)
Exception in thread "AWT-EventQueue-0" java.lang.NullPointerException
	at net.sf.freecol.client.gui.action.FreeColAction.updateImageIcon(FreeColAction.java:275)
	at net.sf.freecol.client.gui.action.FreeColAction.lambda$addImageIcons$0(FreeColAction.java:264)
	at java.desktop/java.awt.event.InvocationEvent.dispatch(InvocationEvent.java:313)
	at java.desktop/java.awt.EventQueue.dispatchEventImpl(EventQueue.java:770)
	at java.desktop/java.awt.EventQueue$4.run(EventQueue.java:721)
	at java.desktop/java.awt.EventQueue$4.run(EventQueue.java:715)
	at java.base/java.security.AccessController.doPrivileged(Native Method)
	at java.base/java.security.ProtectionDomain$JavaSecurityAccessImpl.doIntersectionPrivilege(ProtectionDomain.java:85)
	at java.desktop/java.awt.EventQueue.dispatchEvent(EventQueue.java:740)
	at java.desktop/java.awt.EventDispatchThread.pumpOneEventForFilters(EventDispatchThread.java:203)
	at java.desktop/java.awt.EventDispatchThread.pumpEventsForFilter(EventDispatchThread.java:124)
	at java.desktop/java.awt.EventDispatchThread.pumpEventsForHierarchy(EventDispatchThread.java:113)
	at java.desktop/java.awt.EventDispatchThread.pumpEvents(EventDispatchThread.java:109)
	at java.desktop/java.awt.EventDispatchThread.pumpEvents(EventDispatchThread.java:101)
	at java.desktop/java.awt.EventDispatchThread.run(EventDispatchThread.java:90)
Exception in thread "AWT-EventQueue-0" java.lang.NullPointerException
	at net.sf.freecol.client.gui.action.FreeColAction.updateImageIcon(FreeColAction.java:275)
	at net.sf.freecol.client.gui.action.FreeColAction.lambda$addImageIcons$0(FreeColAction.java:264)
	at java.desktop/java.awt.event.InvocationEvent.dispatch(InvocationEvent.java:313)
	at java.desktop/java.awt.EventQueue.dispatchEventImpl(EventQueue.java:770)
	at java.desktop/java.awt.EventQueue$4.run(EventQueue.java:721)
	at java.desktop/java.awt.EventQueue$4.run(EventQueue.java:715)
	at java.base/java.security.AccessController.doPrivileged(Native Method)
	at java.base/java.security.ProtectionDomain$JavaSecurityAccessImpl.doIntersectionPrivilege(ProtectionDomain.java:85)
	at java.desktop/java.awt.EventQueue.dispatchEvent(EventQueue.java:740)
	at java.desktop/java.awt.EventDispatchThread.pumpOneEventForFilters(EventDispatchThread.java:203)
	at java.desktop/java.awt.EventDispatchThread.pumpEventsForFilter(EventDispatchThread.java:124)
	at java.desktop/java.awt.EventDispatchThread.pumpEventsForHierarchy(EventDispatchThread.java:113)
	at java.desktop/java.awt.EventDispatchThread.pumpEvents(EventDispatchThread.java:109)
	at java.desktop/java.awt.EventDispatchThread.pumpEvents(EventDispatchThread.java:101)
	at java.desktop/java.awt.EventDispatchThread.run(EventDispatchThread.java:90)
Exception in thread "AWT-EventQueue-0" java.lang.NullPointerException
	at net.sf.freecol.client.gui.action.FreeColAction.updateImageIcon(FreeColAction.java:275)
	at net.sf.freecol.client.gui.action.FreeColAction.lambda$addImageIcons$0(FreeColAction.java:264)
	at java.desktop/java.awt.event.InvocationEvent.dispatch(InvocationEvent.java:313)
	at java.desktop/java.awt.EventQueue.dispatchEventImpl(EventQueue.java:770)
	at java.desktop/java.awt.EventQueue$4.run(EventQueue.java:721)
	at java.desktop/java.awt.EventQueue$4.run(EventQueue.java:715)
	at java.base/java.security.AccessController.doPrivileged(Native Method)
	at java.base/java.security.ProtectionDomain$JavaSecurityAccessImpl.doIntersectionPrivilege(ProtectionDomain.java:85)
	at java.desktop/java.awt.EventQueue.dispatchEvent(EventQueue.java:740)
	at java.desktop/java.awt.EventDispatchThread.pumpOneEventForFilters(EventDispatchThread.java:203)
	at java.desktop/java.awt.EventDispatchThread.pumpEventsForFilter(EventDispatchThread.java:124)
	at java.desktop/java.awt.EventDispatchThread.pumpEventsForHierarchy(EventDispatchThread.java:113)
	at java.desktop/java.awt.EventDispatchThread.pumpEvents(EventDispatchThread.java:109)
	at java.desktop/java.awt.EventDispatchThread.pumpEvents(EventDispatchThread.java:101)
	at java.desktop/java.awt.EventDispatchThread.run(EventDispatchThread.java:90)
Exception in thread "AWT-EventQueue-0" java.lang.NullPointerException
	at net.sf.freecol.client.gui.action.FreeColAction.updateImageIcon(FreeColAction.java:275)
	at net.sf.freecol.client.gui.action.FreeColAction.lambda$addImageIcons$0(FreeColAction.java:264)
	at java.desktop/java.awt.event.InvocationEvent.dispatch(InvocationEvent.java:313)
	at java.desktop/java.awt.EventQueue.dispatchEventImpl(EventQueue.java:770)
	at java.desktop/java.awt.EventQueue$4.run(EventQueue.java:721)
	at java.desktop/java.awt.EventQueue$4.run(EventQueue.java:715)
	at java.base/java.security.AccessController.doPrivileged(Native Method)
	at java.base/java.security.ProtectionDomain$JavaSecurityAccessImpl.doIntersectionPrivilege(ProtectionDomain.java:85)
	at java.desktop/java.awt.EventQueue.dispatchEvent(EventQueue.java:740)
	at java.desktop/java.awt.EventDispatchThread.pumpOneEventForFilters(EventDispatchThread.java:203)
	at java.desktop/java.awt.EventDispatchThread.pumpEventsForFilter(EventDispatchThread.java:124)
	at java.desktop/java.awt.EventDispatchThread.pumpEventsForHierarchy(EventDispatchThread.java:113)
	at java.desktop/java.awt.EventDispatchThread.pumpEvents(EventDispatchThread.java:109)
	at java.desktop/java.awt.EventDispatchThread.pumpEvents(EventDispatchThread.java:101)
	at java.desktop/java.awt.EventDispatchThread.run(EventDispatchThread.java:90)
Exception in thread "AWT-EventQueue-0" java.lang.NullPointerException
	at net.sf.freecol.client.gui.action.FreeColAction.updateImageIcon(FreeColAction.java:275)
	at net.sf.freecol.client.gui.action.FreeColAction.lambda$addImageIcons$0(FreeColAction.java:264)
	at java.desktop/java.awt.event.InvocationEvent.dispatch(InvocationEvent.java:313)
	at java.desktop/java.awt.EventQueue.dispatchEventImpl(EventQueue.java:770)
	at java.desktop/java.awt.EventQueue$4.run(EventQueue.java:721)
	at java.desktop/java.awt.EventQueue$4.run(EventQueue.java:715)
	at java.base/java.security.AccessController.doPrivileged(Native Method)
	at java.base/java.security.ProtectionDomain$JavaSecurityAccessImpl.doIntersectionPrivilege(ProtectionDomain.java:85)
	at java.desktop/java.awt.EventQueue.dispatchEvent(EventQueue.java:740)
	at java.desktop/java.awt.EventDispatchThread.pumpOneEventForFilters(EventDispatchThread.java:203)
	at java.desktop/java.awt.EventDispatchThread.pumpEventsForFilter(EventDispatchThread.java:124)
	at java.desktop/java.awt.EventDispatchThread.pumpEventsForHierarchy(EventDispatchThread.java:113)
	at java.desktop/java.awt.EventDispatchThread.pumpEvents(EventDispatchThread.java:109)
	at java.desktop/java.awt.EventDispatchThread.pumpEvents(EventDispatchThread.java:101)
	at java.desktop/java.awt.EventDispatchThread.run(EventDispatchThread.java:90)
Apr 22, 2022 5:50:59 PM net.sf.freecol.client.FreeColClient loadClientOptions
INFO: Load default client options.
Apr 22, 2022 5:50:59 PM net.sf.freecol.common.option.OptionGroup load
INFO: Load OptionGroup(clientOptions) from data/base/client-options.xml succeeded
Apr 22, 2022 5:50:59 PM net.sf.freecol.client.FreeColClient loadClientOptions
INFO: Load client options from the action manager.
Apr 22, 2022 5:50:59 PM net.sf.freecol.client.control.ConnectController connect
INFO: Connected to 127.0.1.1:3541 as test
Apr 22, 2022 5:50:59 PM net.sf.freecol.client.control.ConnectController requestLogin
INFO: Login request for client sfauvel
Apr 22, 2022 5:50:59 PM net.sf.freecol.server.FreeColServer addNewUserConnection
INFO: Client connected from /127.0.0.1:35780
Apr 22, 2022 5:50:59 PM net.sf.freecol.client.control.PreGameController$1 run
INFO: Client starting game
Apr 22, 2022 5:50:59 PM net.sf.freecol.common.networking.ReceivingThread askToStop
INFO: ReceivingThread-FreeColServer:/127.0.0.1:35780: stopped receiving thread: connection closing
Apr 22, 2022 5:50:59 PM net.sf.freecol.common.networking.ReceivingThread askToStop
INFO: ReceivingThread-FreeColClient:test: stopped receiving thread: listen-disconnect
]]></system-err>
</testsuite>
